  [1m[35m (0.1ms)[0m  [1m[34mSELECT sqlite_version(*)[0m
  ↳ bin/rails:9
  [1m[35m (0.9ms)[0m  [1m[35mCREATE TABLE "schema_migrations" ("version" varchar NOT NULL PRIMARY KEY)[0m
  ↳ bin/rails:9
  [1m[35m (0.9ms)[0m  [1m[35mCREATE TABLE "ar_internal_metadata" ("key" varchar NOT NULL PRIMARY KEY, "value" varchar, "created_at" datetime NOT NULL, "updated_at" datetime NOT NULL)[0m
  ↳ bin/rails:9
  [1m[35m (0.2ms)[0m  [1m[34mSELECT "schema_migrations"."version" FROM "schema_migrations" ORDER BY "schema_migrations"."version" ASC[0m
  ↳ bin/rails:9
Migrating to CreateProducts (20180425234352)
  [1m[35m (0.1ms)[0m  [1m[36mbegin transaction[0m
  ↳ bin/rails:9
  [1m[35m (0.5ms)[0m  [1m[35mCREATE TABLE "products" ("id" integer PRIMARY KEY AUTOINCREMENT NOT NULL, "title" varchar, "description" text, "image_url" varchar, "price" decimal(8,2), "created_at" datetime NOT NULL, "updated_at" datetime NOT NULL)[0m
  ↳ db/migrate/20180425234352_create_products.rb:3
  [1m[36mActiveRecord::SchemaMigration Create (0.2ms)[0m  [1m[32mINSERT INTO "schema_migrations" ("version") VALUES (?)[0m  [["version", "20180425234352"]]
  ↳ bin/rails:9
  [1m[35m (0.6ms)[0m  [1m[36mcommit transaction[0m
  ↳ bin/rails:9
  [1m[36mActiveRecord::InternalMetadata Load (0.2ms)[0m  [1m[34mSELECT  "ar_internal_metadata".* FROM "ar_internal_metadata" WHERE "ar_internal_metadata"."key" = ? LIMIT ?[0m  [["key", "environment"], ["LIMIT", 1]]
  ↳ bin/rails:9
  [1m[35m (0.1ms)[0m  [1m[36mbegin transaction[0m
  ↳ bin/rails:9
  [1m[36mActiveRecord::InternalMetadata Create (0.5ms)[0m  [1m[32mINSERT INTO "ar_internal_metadata" ("key", "value", "created_at", "updated_at") VALUES (?, ?, ?, ?)[0m  [["key", "environment"], ["value", "development"], ["created_at", "2018-04-25 23:46:01.203716"], ["updated_at", "2018-04-25 23:46:01.203716"]]
  ↳ bin/rails:9
  [1m[35m (1.0ms)[0m  [1m[36mcommit transaction[0m
  ↳ bin/rails:9
  [1m[35m (0.3ms)[0m  [1m[34mSELECT "schema_migrations"."version" FROM "schema_migrations" ORDER BY "schema_migrations"."version" ASC[0m
  ↳ bin/rails:9
Started GET "/" for 127.0.0.1 at 2018-04-25 18:46:32 -0500
  [1m[35m (0.2ms)[0m  [1m[34mSELECT "schema_migrations"."version" FROM "schema_migrations" ORDER BY "schema_migrations"."version" ASC[0m
  ↳ /Users/stefanispayde/.rvm/gems/ruby-2.5.0/gems/rack-2.0.5/lib/rack/method_override.rb:22
Processing by Rails::WelcomeController#index as HTML
  Rendering /Users/stefanispayde/.rvm/rubies/ruby-2.5.0/lib/ruby/gems/2.5.0/gems/railties-5.2.0/lib/rails/templates/rails/welcome/index.html.erb
  Rendered /Users/stefanispayde/.rvm/rubies/ruby-2.5.0/lib/ruby/gems/2.5.0/gems/railties-5.2.0/lib/rails/templates/rails/welcome/index.html.erb (3.8ms)
Completed 200 OK in 23ms (Views: 10.4ms | ActiveRecord: 0.0ms)


Started GET "/" for 127.0.0.1 at 2018-04-25 18:49:47 -0500
Processing by Rails::WelcomeController#index as HTML
  Rendering /Users/stefanispayde/.rvm/rubies/ruby-2.5.0/lib/ruby/gems/2.5.0/gems/railties-5.2.0/lib/rails/templates/rails/welcome/index.html.erb
  Rendered /Users/stefanispayde/.rvm/rubies/ruby-2.5.0/lib/ruby/gems/2.5.0/gems/railties-5.2.0/lib/rails/templates/rails/welcome/index.html.erb (6.4ms)
Completed 200 OK in 24ms (Views: 13.0ms | ActiveRecord: 0.0ms)


Started GET "/products" for 127.0.0.1 at 2018-04-25 18:50:04 -0500
Processing by ProductsController#index as HTML
  Rendering products/index.html.erb within layouts/application
  [1m[36mProduct Load (0.2ms)[0m  [1m[34mSELECT "products".* FROM "products"[0m
  ↳ app/views/products/index.html.erb:17
  Rendered products/index.html.erb within layouts/application (7.8ms)
Completed 200 OK in 760ms (Views: 750.2ms | ActiveRecord: 0.5ms)


Started GET "/products/new" for 127.0.0.1 at 2018-04-25 18:50:11 -0500
Processing by ProductsController#new as HTML
  Rendering products/new.html.erb within layouts/application
  Rendered products/_form.html.erb (49.9ms)
  Rendered products/new.html.erb within layouts/application (53.6ms)
Completed 200 OK in 97ms (Views: 76.0ms | ActiveRecord: 0.6ms)


Started POST "/products" for 127.0.0.1 at 2018-04-25 18:53:12 -0500
Processing by ProductsController#create as HTML
  Parameters: {"utf8"=>"✓", "authenticity_token"=>"gMDkVKyPCJgZycN3PzIQtl8/3aqB6xYYCYeEEe8tGbgpBGXPW6R0KN6kX+l2bBSyFLka17QTdXF1VNbHEy523g==", "product"=>{"title"=>"seven mobile apps", "description"=>"<p>\r\n<em>Native apps, Multiple Platforms</em>\r\nAnswer the question, Can we build kdlfhonwxf fkxnq vqvn v ohnonxqr gvql bpvjwnrfl\r\n</p>", "image_url"=>"7apps.jpg", "price"=>"29.00"}, "commit"=>"Create Product"}
  [1m[35m (0.2ms)[0m  [1m[36mbegin transaction[0m
  ↳ app/controllers/products_controller.rb:30
  [1m[36mProduct Create (0.7ms)[0m  [1m[32mINSERT INTO "products" ("title", "description", "image_url", "price", "created_at", "updated_at") VALUES (?, ?, ?, ?, ?, ?)[0m  [["title", "seven mobile apps"], ["description", "<p>\r\n<em>Native apps, Multiple Platforms</em>\r\nAnswer the question, Can we build kdlfhonwxf fkxnq vqvn v ohnonxqr gvql bpvjwnrfl\r\n</p>"], ["image_url", "7apps.jpg"], ["price", 29.0], ["created_at", "2018-04-25 23:53:12.885790"], ["updated_at", "2018-04-25 23:53:12.885790"]]
  ↳ app/controllers/products_controller.rb:30
  [1m[35m (1.2ms)[0m  [1m[36mcommit transaction[0m
  ↳ app/controllers/products_controller.rb:30
Redirected to http://localhost:3000/products/1
Completed 302 Found in 8ms (ActiveRecord: 2.0ms)


Started GET "/products/1" for 127.0.0.1 at 2018-04-25 18:53:12 -0500
Processing by ProductsController#show as HTML
  Parameters: {"id"=>"1"}
  [1m[36mProduct Load (0.3ms)[0m  [1m[34mSELECT  "products".* FROM "products" WHERE "products"."id" = ? LIMIT ?[0m  [["id", 1], ["LIMIT", 1]]
  ↳ app/controllers/products_controller.rb:67
  Rendering products/show.html.erb within layouts/application
  Rendered products/show.html.erb within layouts/application (1.0ms)
Completed 200 OK in 24ms (Views: 18.7ms | ActiveRecord: 0.3ms)


Started GET "/products" for 127.0.0.1 at 2018-04-25 18:53:17 -0500
Processing by ProductsController#index as HTML
  Rendering products/index.html.erb within layouts/application
  [1m[36mProduct Load (0.2ms)[0m  [1m[34mSELECT "products".* FROM "products"[0m
  ↳ app/views/products/index.html.erb:17
  Rendered products/index.html.erb within layouts/application (3.6ms)
Completed 200 OK in 42ms (Views: 39.6ms | ActiveRecord: 0.2ms)


  [1m[35m (0.1ms)[0m  [1m[34mSELECT "schema_migrations"."version" FROM "schema_migrations" ORDER BY "schema_migrations"."version" ASC[0m
  ↳ bin/rails:9
  [1m[36mProduct Destroy (0.8ms)[0m  [1m[31mDELETE FROM "products"[0m
  ↳ db/seeds.rb:10
  [1m[35m (0.1ms)[0m  [1m[36mbegin transaction[0m
  ↳ db/seeds.rb:11
  [1m[36mProduct Create (0.3ms)[0m  [1m[32mINSERT INTO "products" ("title", "description", "image_url", "price", "created_at", "updated_at") VALUES (?, ?, ?, ?, ?, ?)[0m  [["title", "Rails, Angular, Postgres, and Bootstrap"], ["description", "<p>\n      <em>Powerful, Effective, and Efficient Full-Stack Web Development</em>\n      As a Rails developer, you care about user experience and performance,\n      but you also want simple and maintainable code. Achieve all that by\n      embracing the full stack of web development, from styling with\n      Bootstrap, building an interactive user interface with AngularJS, to\n      storing data quickly and reliably in PostgreSQL. Take a holistic view of\n      full-stack development to create usable, high-performing applications,\n      and learn to use these technologies effectively in a Ruby on Rails\n      environment.\n      </p>"], ["image_url", "dcbang.jpg"], ["price", 45.0], ["created_at", "2018-04-25 23:57:32.783629"], ["updated_at", "2018-04-25 23:57:32.783629"]]
  ↳ db/seeds.rb:11
  [1m[35m (0.6ms)[0m  [1m[36mcommit transaction[0m
  ↳ db/seeds.rb:11
  [1m[35m (0.1ms)[0m  [1m[36mbegin transaction[0m
  ↳ db/seeds.rb:27
  [1m[36mProduct Create (0.3ms)[0m  [1m[32mINSERT INTO "products" ("title", "description", "image_url", "price", "created_at", "updated_at") VALUES (?, ?, ?, ?, ?, ?)[0m  [["title", "Seven Mobile Apps in Seven Weeks"], ["description", "<p>\n      <em>Native Apps, Multiple Platforms</em>\n      Answer the question “Can we build this for ALL the devices?” with a\n      resounding YES. This book will help you get there with a real-world\n      introduction to seven platforms, whether you’re new to mobile or an\n      experienced developer needing to expand your options. Plus, you’ll find\n      out which cross-platform solution makes the most sense for your needs.\n      </p>"], ["image_url", "7apps.jpg"], ["price", 26.0], ["created_at", "2018-04-25 23:57:32.786569"], ["updated_at", "2018-04-25 23:57:32.786569"]]
  ↳ db/seeds.rb:27
  [1m[35m (0.6ms)[0m  [1m[36mcommit transaction[0m
  ↳ db/seeds.rb:27
  [1m[35m (0.0ms)[0m  [1m[36mbegin transaction[0m
  ↳ db/seeds.rb:41
  [1m[36mProduct Create (0.3ms)[0m  [1m[32mINSERT INTO "products" ("title", "description", "image_url", "price", "created_at", "updated_at") VALUES (?, ?, ?, ?, ?, ?)[0m  [["title", "Ruby Performance Optimization"], ["description", "<p>\n      <em>Why Ruby Is Slow, and How to Fix It</em>\n      You don’t have to accept slow Ruby or Rails performance. In this\n      comprehensive guide to Ruby optimization, you’ll learn how to write\n      faster Ruby code—but that’s just the beginning. See exactly what makes\n      Ruby and Rails code slow, and how to fix it. Alex Dymo will guide you\n      through perils of memory and CPU optimization, profiling, measuring,\n      performance testing, garbage collection, and tuning. You’ll find that\n      all those “hard” things aren’t so difficult after all, and your code\n      will run orders of magnitude faster.\n      </p>"], ["image_url", "adrpo.jpg"], ["price", 46.0], ["created_at", "2018-04-25 23:57:32.789456"], ["updated_at", "2018-04-25 23:57:32.789456"]]
  ↳ db/seeds.rb:41
  [1m[35m (0.5ms)[0m  [1m[36mcommit transaction[0m
  ↳ db/seeds.rb:41
Started GET "/products" for 127.0.0.1 at 2018-04-25 19:19:30 -0500
Processing by ProductsController#index as HTML
  Rendering products/index.html.erb within layouts/application
  [1m[36mProduct Load (0.4ms)[0m  [1m[34mSELECT "products".* FROM "products"[0m
  ↳ app/views/products/index.html.erb:17
  Rendered products/index.html.erb within layouts/application (116.9ms)
Completed 200 OK in 153ms (Views: 150.8ms | ActiveRecord: 0.4ms)


Started GET "/products" for 127.0.0.1 at 2018-04-26 00:35:53 -0500
Processing by ProductsController#index as HTML
  Rendering products/index.html.erb within layouts/application
  [1m[36mProduct Load (0.7ms)[0m  [1m[34mSELECT "products".* FROM "products"[0m
  ↳ app/views/products/index.html.erb:17
  Rendered products/index.html.erb within layouts/application (35.2ms)
Completed 200 OK in 99ms (Views: 66.5ms | ActiveRecord: 1.4ms)


Started GET "/products/new" for 127.0.0.1 at 2018-04-26 00:35:56 -0500
Processing by ProductsController#new as HTML
  Rendering products/new.html.erb within layouts/application
  Rendered products/_form.html.erb (4.8ms)
  Rendered products/new.html.erb within layouts/application (9.7ms)
Completed 200 OK in 43ms (Views: 38.6ms | ActiveRecord: 0.0ms)


Started POST "/products" for 127.0.0.1 at 2018-04-26 00:37:23 -0500
Processing by ProductsController#create as HTML
  Parameters: {"utf8"=>"✓", "authenticity_token"=>"GwngbgSyG8JjFQu1kNAUoUDIH+sE+rt0+UByZad5olmyzWH185lncqR4lyvZjhClC07YljEC2B2FkyCzW3rNPw==", "product"=>{"title"=>"", "description"=>"this is for testing validation purposes", "image_url"=>"dcbang.jpg", "price"=>""}, "commit"=>"Create Product"}
  [1m[35m (0.2ms)[0m  [1m[36mbegin transaction[0m
  ↳ app/controllers/products_controller.rb:30
  [1m[36mProduct Exists (0.2ms)[0m  [1m[34mSELECT  1 AS one FROM "products" WHERE "products"."title" = ? LIMIT ?[0m  [["title", ""], ["LIMIT", 1]]
  ↳ app/controllers/products_controller.rb:30
  [1m[35m (0.1ms)[0m  [1m[31mrollback transaction[0m
  ↳ app/controllers/products_controller.rb:30
  Rendering products/new.html.erb within layouts/application
  Rendered products/_form.html.erb (3.3ms)
  Rendered products/new.html.erb within layouts/application (4.8ms)
Completed 200 OK in 41ms (Views: 30.5ms | ActiveRecord: 0.5ms)


Started POST "/products" for 127.0.0.1 at 2018-04-26 00:37:40 -0500
Processing by ProductsController#create as HTML
  Parameters: {"utf8"=>"✓", "authenticity_token"=>"RfWUQuQ0RNSD1T13VNq7KCJWkppXOLgyEHe+9Q5x5ma+F55RZfQ8FE9ykCnPouRPRQCT5uxESpjh6Dvw411O9Q==", "product"=>{"title"=>"validation test", "description"=>"this is for testing validation purposes", "image_url"=>"dcbang.jpg", "price"=>"1.00"}, "commit"=>"Create Product"}
  [1m[35m (0.1ms)[0m  [1m[36mbegin transaction[0m
  ↳ app/controllers/products_controller.rb:30
  [1m[36mProduct Exists (0.3ms)[0m  [1m[34mSELECT  1 AS one FROM "products" WHERE "products"."title" = ? LIMIT ?[0m  [["title", "validation test"], ["LIMIT", 1]]
  ↳ app/controllers/products_controller.rb:30
  [1m[36mProduct Create (0.7ms)[0m  [1m[32mINSERT INTO "products" ("title", "description", "image_url", "price", "created_at", "updated_at") VALUES (?, ?, ?, ?, ?, ?)[0m  [["title", "validation test"], ["description", "this is for testing validation purposes"], ["image_url", "dcbang.jpg"], ["price", 1.0], ["created_at", "2018-04-26 05:37:40.844947"], ["updated_at", "2018-04-26 05:37:40.844947"]]
  ↳ app/controllers/products_controller.rb:30
  [1m[35m (1.5ms)[0m  [1m[36mcommit transaction[0m
  ↳ app/controllers/products_controller.rb:30
Redirected to http://localhost:3000/products/5
Completed 302 Found in 14ms (ActiveRecord: 2.6ms)


Started GET "/products/5" for 127.0.0.1 at 2018-04-26 00:37:40 -0500
Processing by ProductsController#show as HTML
  Parameters: {"id"=>"5"}
  [1m[36mProduct Load (0.2ms)[0m  [1m[34mSELECT  "products".* FROM "products" WHERE "products"."id" = ? LIMIT ?[0m  [["id", 5], ["LIMIT", 1]]
  ↳ app/controllers/products_controller.rb:67
  Rendering products/show.html.erb within layouts/application
  Rendered products/show.html.erb within layouts/application (1.0ms)
Completed 200 OK in 23ms (Views: 19.9ms | ActiveRecord: 0.2ms)


Started GET "/products" for 127.0.0.1 at 2018-04-26 00:37:43 -0500
Processing by ProductsController#index as HTML
  Rendering products/index.html.erb within layouts/application
  [1m[36mProduct Load (0.2ms)[0m  [1m[34mSELECT "products".* FROM "products"[0m
  ↳ app/views/products/index.html.erb:17
  Rendered products/index.html.erb within layouts/application (18.9ms)
Completed 200 OK in 54ms (Views: 51.4ms | ActiveRecord: 0.2ms)


Started GET "/" for 127.0.0.1 at 2018-04-27 02:31:21 -0500
  [1m[35m (0.4ms)[0m  [1m[34mSELECT "schema_migrations"."version" FROM "schema_migrations" ORDER BY "schema_migrations"."version" ASC[0m
  ↳ /Users/stefanispayde/.rvm/gems/ruby-2.5.0/gems/rack-2.0.5/lib/rack/method_override.rb:22
Processing by StoreController#index as HTML
  Rendering store/index.html.erb within layouts/application
  Rendered store/index.html.erb within layouts/application (0.8ms)
Completed 200 OK in 299ms (Views: 288.7ms | ActiveRecord: 0.0ms)


Started GET "/products" for 127.0.0.1 at 2018-04-27 02:53:33 -0500
Processing by ProductsController#index as HTML
  Rendering products/index.html.erb within layouts/application
  [1m[36mProduct Load (0.6ms)[0m  [1m[34mSELECT "products".* FROM "products"[0m
  ↳ app/views/products/index.html.erb:17
  Rendered products/index.html.erb within layouts/application (39.5ms)
Completed 200 OK in 110ms (Views: 103.4ms | ActiveRecord: 1.2ms)


Started GET "/products" for 127.0.0.1 at 2018-04-27 02:53:38 -0500
Processing by ProductsController#index as HTML
  Rendering products/index.html.erb within layouts/application
  [1m[36mProduct Load (0.2ms)[0m  [1m[34mSELECT "products".* FROM "products"[0m
  ↳ app/views/products/index.html.erb:17
  Rendered products/index.html.erb within layouts/application (38.5ms)
Completed 200 OK in 61ms (Views: 59.1ms | ActiveRecord: 0.2ms)


Started GET "/" for 127.0.0.1 at 2018-04-27 02:53:40 -0500
Processing by StoreController#index as HTML
Completed 500 Internal Server Error in 157ms (ActiveRecord: 0.0ms)


  
NameError (undefined local variable or method `title' for #<StoreController:0x00007ffef08ff538>):
  
app/controllers/store_controller.rb:3:in `index'
Started GET "/products" for 127.0.0.1 at 2018-04-27 02:54:43 -0500
Processing by ProductsController#index as HTML
  Rendering products/index.html.erb within layouts/application
  [1m[36mProduct Load (0.5ms)[0m  [1m[34mSELECT "products".* FROM "products"[0m
  ↳ app/views/products/index.html.erb:17
  Rendered products/index.html.erb within layouts/application (21.1ms)
Completed 200 OK in 56ms (Views: 50.8ms | ActiveRecord: 1.1ms)


Started GET "/" for 127.0.0.1 at 2018-04-27 02:54:49 -0500
Processing by StoreController#index as HTML
  Rendering store/index.html.erb within layouts/application
  [1m[36mProduct Load (0.2ms)[0m  [1m[34mSELECT "products".* FROM "products" ORDER BY "products"."title" ASC[0m
  ↳ app/views/store/index.html.erb:8
  Rendered store/index.html.erb within layouts/application (6.9ms)
Completed 200 OK in 38ms (Views: 36.2ms | ActiveRecord: 0.2ms)


Started GET "/" for 127.0.0.1 at 2018-04-27 06:40:05 -0500
Processing by StoreController#index as HTML
  Rendering store/index.html.erb within layouts/application
  [1m[36mProduct Load (0.5ms)[0m  [1m[34mSELECT "products".* FROM "products" ORDER BY "products"."title" ASC[0m
  ↳ app/views/store/index.html.erb:8
  Rendered store/index.html.erb within layouts/application (19.3ms)
Completed 200 OK in 128ms (Views: 120.3ms | ActiveRecord: 1.0ms)


Started GET "/" for 127.0.0.1 at 2018-04-27 06:42:05 -0500
Processing by StoreController#index as HTML
  Rendering store/index.html.erb within layouts/application
  [1m[36mProduct Load (0.4ms)[0m  [1m[34mSELECT "products".* FROM "products" ORDER BY "products"."title" ASC[0m
  ↳ app/views/store/index.html.erb:8
  Rendered store/index.html.erb within layouts/application (39.8ms)
Completed 200 OK in 71ms (Views: 68.8ms | ActiveRecord: 0.4ms)


Started GET "/" for 127.0.0.1 at 2018-05-01 04:32:57 -0500
  [1m[35m (0.4ms)[0m  [1m[34mSELECT "schema_migrations"."version" FROM "schema_migrations" ORDER BY "schema_migrations"."version" ASC[0m
  ↳ /Users/stefanispayde/.rvm/gems/ruby-2.5.0/gems/rack-2.0.5/lib/rack/method_override.rb:22
Processing by StoreController#index as HTML
  Rendering store/index.html.erb within layouts/application
  [1m[35m (0.5ms)[0m  [1m[34mSELECT COUNT(*) AS "size", MAX("products"."updated_at") AS timestamp FROM "products"[0m
  ↳ app/views/store/index.html.erb:8
  [1m[36mProduct Load (0.2ms)[0m  [1m[34mSELECT "products".* FROM "products" ORDER BY "products"."title" ASC[0m
  ↳ app/views/store/index.html.erb:8
  Rendered store/index.html.erb within layouts/application (402.8ms)
Completed 200 OK in 459ms (Views: 440.8ms | ActiveRecord: 1.2ms)


  [1m[35m (0.4ms)[0m  [1m[34mSELECT "schema_migrations"."version" FROM "schema_migrations" ORDER BY "schema_migrations"."version" ASC[0m
  ↳ bin/rails:9
Migrating to CreateCarts (20180501104540)
  [1m[35m (0.1ms)[0m  [1m[36mbegin transaction[0m
  ↳ bin/rails:9
  [1m[35m (0.4ms)[0m  [1m[34mSELECT sqlite_version(*)[0m
  ↳ db/migrate/20180501104540_create_carts.rb:3
  [1m[35m (0.4ms)[0m  [1m[35mCREATE TABLE "carts" ("id" integer PRIMARY KEY AUTOINCREMENT NOT NULL, "created_at" datetime NOT NULL, "updated_at" datetime NOT NULL)[0m
  ↳ db/migrate/20180501104540_create_carts.rb:3
  [1m[36mActiveRecord::SchemaMigration Create (0.7ms)[0m  [1m[32mINSERT INTO "schema_migrations" ("version") VALUES (?)[0m  [["version", "20180501104540"]]
  ↳ bin/rails:9
  [1m[35m (0.8ms)[0m  [1m[36mcommit transaction[0m
  ↳ bin/rails:9
  [1m[36mActiveRecord::InternalMetadata Load (0.5ms)[0m  [1m[34mSELECT  "ar_internal_metadata".* FROM "ar_internal_metadata" WHERE "ar_internal_metadata"."key" = ? LIMIT ?[0m  [["key", "environment"], ["LIMIT", 1]]
  ↳ bin/rails:9
  [1m[35m (0.1ms)[0m  [1m[36mbegin transaction[0m
  ↳ bin/rails:9
  [1m[35m (0.0ms)[0m  [1m[36mcommit transaction[0m
  ↳ bin/rails:9
  [1m[35m (0.1ms)[0m  [1m[34mSELECT "schema_migrations"."version" FROM "schema_migrations" ORDER BY "schema_migrations"."version" ASC[0m
  ↳ bin/rails:9
  [1m[35m (0.3ms)[0m  [1m[34mSELECT "schema_migrations"."version" FROM "schema_migrations" ORDER BY "schema_migrations"."version" ASC[0m
  ↳ bin/rails:9
Migrating to CreateLineItems (20180501111129)
  [1m[35m (0.1ms)[0m  [1m[36mbegin transaction[0m
  ↳ bin/rails:9
  [1m[35m (0.1ms)[0m  [1m[34mSELECT sqlite_version(*)[0m
  ↳ db/migrate/20180501111129_create_line_items.rb:3
  [1m[35m (0.4ms)[0m  [1m[35mCREATE TABLE "line_items" ("id" integer PRIMARY KEY AUTOINCREMENT NOT NULL, "product_id" integer, "cart_id" integer, "created_at" datetime NOT NULL, "updated_at" datetime NOT NULL, CONSTRAINT "fk_rails_11e15d5c6b"
FOREIGN KEY ("product_id")
  REFERENCES "products" ("id")
, CONSTRAINT "fk_rails_af645e8e5f"
FOREIGN KEY ("cart_id")
  REFERENCES "carts" ("id")
)[0m
  ↳ db/migrate/20180501111129_create_line_items.rb:3
  [1m[35m (0.1ms)[0m  [1m[35mCREATE  INDEX "index_line_items_on_product_id" ON "line_items" ("product_id")[0m
  ↳ db/migrate/20180501111129_create_line_items.rb:3
  [1m[35m (0.1ms)[0m  [1m[35mCREATE  INDEX "index_line_items_on_cart_id" ON "line_items" ("cart_id")[0m
  ↳ db/migrate/20180501111129_create_line_items.rb:3
  [1m[36mActiveRecord::SchemaMigration Create (0.4ms)[0m  [1m[32mINSERT INTO "schema_migrations" ("version") VALUES (?)[0m  [["version", "20180501111129"]]
  ↳ bin/rails:9
  [1m[35m (0.8ms)[0m  [1m[36mcommit transaction[0m
  ↳ bin/rails:9
  [1m[36mActiveRecord::InternalMetadata Load (0.6ms)[0m  [1m[34mSELECT  "ar_internal_metadata".* FROM "ar_internal_metadata" WHERE "ar_internal_metadata"."key" = ? LIMIT ?[0m  [["key", "environment"], ["LIMIT", 1]]
  ↳ bin/rails:9
  [1m[35m (0.1ms)[0m  [1m[36mbegin transaction[0m
  ↳ bin/rails:9
  [1m[35m (0.0ms)[0m  [1m[36mcommit transaction[0m
  ↳ bin/rails:9
  [1m[35m (0.1ms)[0m  [1m[34mSELECT "schema_migrations"."version" FROM "schema_migrations" ORDER BY "schema_migrations"."version" ASC[0m
  ↳ bin/rails:9
Started GET "/" for 127.0.0.1 at 2018-05-02 11:02:09 -0500
  [1m[35m (0.5ms)[0m  [1m[34mSELECT "schema_migrations"."version" FROM "schema_migrations" ORDER BY "schema_migrations"."version" ASC[0m
  ↳ /Users/stefanispayde/.rvm/gems/ruby-2.5.0/gems/rack-2.0.5/lib/rack/method_override.rb:22
Processing by StoreController#index as HTML
Completed 500 Internal Server Error in 9ms (ActiveRecord: 0.0ms)


  
SyntaxError (/Users/stefanispayde/dev/rails_demo/app/models/product.rb:22: syntax error, unexpected keyword_end, expecting end-of-input):
  
app/models/product.rb:22: syntax error, unexpected keyword_end, expecting end-of-input
app/controllers/store_controller.rb:3:in `index'
Started GET "/" for 127.0.0.1 at 2018-05-02 11:06:51 -0500
Processing by StoreController#index as HTML
Completed 500 Internal Server Error in 2ms (ActiveRecord: 0.0ms)


  
SyntaxError (/Users/stefanispayde/dev/rails_demo/app/models/product.rb:22: syntax error, unexpected keyword_end, expecting end-of-input
  end
  ^~~):
  
app/models/product.rb:22: syntax error, unexpected keyword_end, expecting end-of-input
app/controllers/store_controller.rb:3:in `index'
Started GET "/" for 127.0.0.1 at 2018-05-02 11:07:55 -0500
Processing by StoreController#index as HTML
  [1m[36mProduct Load (0.6ms)[0m  [1m[34mSELECT  "products".* FROM "products" WHERE "products"."id" = ? LIMIT ?[0m  [["id", nil], ["LIMIT", 1]]
  ↳ app/models/product.rb:4
Completed 404 Not Found in 18ms (ActiveRecord: 1.5ms)


  
ActiveRecord::RecordNotFound (Couldn't find Product with 'id'=ensure_not_referenced_by_any_line_item):
  
app/models/product.rb:4:in `<class:Product>'
app/models/product.rb:1:in `<main>'
app/controllers/store_controller.rb:3:in `index'
Started GET "/" for 127.0.0.1 at 2018-05-02 11:10:16 -0500
Processing by StoreController#index as HTML
Completed 500 Internal Server Error in 6ms (ActiveRecord: 0.0ms)


  
NoMethodError (undefined method `validates' for main:Object):
  
app/models/product.rb:15:in `<main>'
app/controllers/store_controller.rb:3:in `index'
Started GET "/" for 127.0.0.1 at 2018-05-02 11:41:48 -0500
  [1m[35m (0.4ms)[0m  [1m[34mSELECT "schema_migrations"."version" FROM "schema_migrations" ORDER BY "schema_migrations"."version" ASC[0m
  ↳ /Users/stefanispayde/.rvm/gems/ruby-2.5.0/gems/rack-2.0.5/lib/rack/method_override.rb:22
Processing by StoreController#index as HTML
  Rendering store/index.html.erb within layouts/application
  [1m[35m (0.3ms)[0m  [1m[34mSELECT COUNT(*) AS "size", MAX("products"."updated_at") AS timestamp FROM "products"[0m
  ↳ app/views/store/index.html.erb:8
  [1m[36mProduct Load (0.1ms)[0m  [1m[34mSELECT "products".* FROM "products" ORDER BY "products"."title" ASC[0m
  ↳ app/views/store/index.html.erb:8
  Rendered store/index.html.erb within layouts/application (351.8ms)
Completed 200 OK in 418ms (Views: 402.6ms | ActiveRecord: 1.0ms)


Started POST "/line_items?product_id=2" for 127.0.0.1 at 2018-05-02 11:42:13 -0500
Processing by LineItemsController#create as HTML
  Parameters: {"authenticity_token"=>"oIngWph9BjBCKIrgjMlC4ykwX9j1VnSCVyoboGgFJftba+pJGb1+8I6PJ74XsR2ETmZepE4qhiimtZ6lhSmNaA==", "product_id"=>"2"}
Completed 400 Bad Request in 7ms (ActiveRecord: 0.0ms)


  
ActionController::ParameterMissing (param is missing or the value is empty: line_item):
  
app/controllers/line_items_controller.rb:72:in `line_item_params'
app/controllers/line_items_controller.rb:27:in `create'
Started GET "/" for 127.0.0.1 at 2018-05-02 11:48:59 -0500
Processing by StoreController#index as HTML
  Rendering store/index.html.erb within layouts/application
  [1m[35m (0.4ms)[0m  [1m[34mSELECT COUNT(*) AS "size", MAX("products"."updated_at") AS timestamp FROM "products"[0m
  ↳ app/views/store/index.html.erb:8
  [1m[36mProduct Load (0.2ms)[0m  [1m[34mSELECT "products".* FROM "products" ORDER BY "products"."title" ASC[0m
  ↳ app/views/store/index.html.erb:8
  Rendered store/index.html.erb within layouts/application (5.4ms)
Completed 500 Internal Server Error in 54ms (ActiveRecord: 0.6ms)


  
ActionView::Template::Error (Invalid CSS after "}": expected selector or at-rule, was "}"):
     5:     <%= csrf_meta_tags %>
     6:     <%= csp_meta_tag %>
     7: 
     8:     <%= stylesheet_link_tag    'application', media: 'all', 'data-turbolinks-track': 'reload' %>
     9:     <%= javascript_include_tag 'application', 'data-turbolinks-track': 'reload' %>
    10:   </head>
    11: 
  
app/assets/stylesheets/store.scss:50
app/views/layouts/application.html.erb:8:in `_app_views_layouts_application_html_erb__346958627404633221_70239196260500'
Started GET "/" for 127.0.0.1 at 2018-05-02 11:50:16 -0500
Processing by StoreController#index as HTML
  Rendering store/index.html.erb within layouts/application
  [1m[35m (0.1ms)[0m  [1m[34mSELECT COUNT(*) AS "size", MAX("products"."updated_at") AS timestamp FROM "products"[0m
  ↳ app/views/store/index.html.erb:8
  [1m[36mProduct Load (0.1ms)[0m  [1m[34mSELECT "products".* FROM "products" ORDER BY "products"."title" ASC[0m
  ↳ app/views/store/index.html.erb:8
  Rendered store/index.html.erb within layouts/application (2.9ms)
Completed 200 OK in 80ms (Views: 77.9ms | ActiveRecord: 0.3ms)


Started GET "/" for 127.0.0.1 at 2018-05-02 11:52:39 -0500
Processing by StoreController#index as HTML
  Rendering store/index.html.erb within layouts/application
  [1m[35m (0.1ms)[0m  [1m[34mSELECT COUNT(*) AS "size", MAX("products"."updated_at") AS timestamp FROM "products"[0m
  ↳ app/views/store/index.html.erb:8
  [1m[36mProduct Load (0.1ms)[0m  [1m[34mSELECT "products".* FROM "products" ORDER BY "products"."title" ASC[0m
  ↳ app/views/store/index.html.erb:8
  Rendered store/index.html.erb within layouts/application (2.8ms)
Completed 200 OK in 61ms (Views: 59.5ms | ActiveRecord: 0.2ms)


Started GET "/" for 127.0.0.1 at 2018-05-05 17:43:28 -0500
Processing by StoreController#index as HTML
  Rendering store/index.html.erb within layouts/application
  [1m[35m (0.5ms)[0m  [1m[34mSELECT COUNT(*) AS "size", MAX("products"."updated_at") AS timestamp FROM "products"[0m
  ↳ app/views/store/index.html.erb:8
  [1m[36mProduct Load (0.2ms)[0m  [1m[34mSELECT "products".* FROM "products" ORDER BY "products"."title" ASC[0m
  ↳ app/views/store/index.html.erb:8
  Rendered store/index.html.erb within layouts/application (21.7ms)
Completed 200 OK in 82ms (Views: 67.8ms | ActiveRecord: 1.5ms)


Started POST "/line_items?product_id=4" for 127.0.0.1 at 2018-05-05 17:43:32 -0500
Processing by LineItemsController#create as HTML
  Parameters: {"authenticity_token"=>"jwZ0sFLmp0xnFjTT/3s/g4BQk0rxmuk+6HV3ffCANIF05H6j0ybfjKuxmY1kA2Dk5waSNkrmG5QZ6vJ4HaycEg==", "product_id"=>"4"}
  [1m[35m (0.7ms)[0m  [1m[36mbegin transaction[0m
  ↳ app/models/concerns/current_cart.rb:8
  [1m[36mCart Create (3.2ms)[0m  [1m[32mINSERT INTO "carts" ("created_at", "updated_at") VALUES (?, ?)[0m  [["created_at", "2018-05-05 22:43:32.689469"], ["updated_at", "2018-05-05 22:43:32.689469"]]
  ↳ app/models/concerns/current_cart.rb:8
  [1m[35m (3.1ms)[0m  [1m[36mcommit transaction[0m
  ↳ app/models/concerns/current_cart.rb:8
Completed 400 Bad Request in 49ms (ActiveRecord: 7.5ms)


  
ActionController::ParameterMissing (param is missing or the value is empty: line_item):
  
app/controllers/line_items_controller.rb:74:in `line_item_params'
app/controllers/line_items_controller.rb:29:in `create'
Started POST "/line_items?product_id=4" for 127.0.0.1 at 2018-05-05 21:47:50 -0500
  [1m[35m (0.8ms)[0m  [1m[34mSELECT "schema_migrations"."version" FROM "schema_migrations" ORDER BY "schema_migrations"."version" ASC[0m
  ↳ /Users/stefanispayde/.rvm/gems/ruby-2.5.0/gems/rack-2.0.5/lib/rack/method_override.rb:22
Processing by LineItemsController#create as HTML
  Parameters: {"authenticity_token"=>"jwZ0sFLmp0xnFjTT/3s/g4BQk0rxmuk+6HV3ffCANIF05H6j0ybfjKuxmY1kA2Dk5waSNkrmG5QZ6vJ4HaycEg==", "product_id"=>"4"}
  [1m[35m (0.1ms)[0m  [1m[36mbegin transaction[0m
  ↳ app/models/concerns/current_cart.rb:8
  [1m[36mCart Create (0.8ms)[0m  [1m[32mINSERT INTO "carts" ("created_at", "updated_at") VALUES (?, ?)[0m  [["created_at", "2018-05-06 02:47:51.164577"], ["updated_at", "2018-05-06 02:47:51.164577"]]
  ↳ app/models/concerns/current_cart.rb:8
  [1m[35m (0.6ms)[0m  [1m[36mcommit transaction[0m
  ↳ app/models/concerns/current_cart.rb:8
  [1m[36mProduct Load (0.5ms)[0m  [1m[34mSELECT  "products".* FROM "products" WHERE "products"."id" = ? LIMIT ?[0m  [["id", 4], ["LIMIT", 1]]
  ↳ app/controllers/line_items_controller.rb:29
  [1m[35m (0.1ms)[0m  [1m[36mbegin transaction[0m
  ↳ app/controllers/line_items_controller.rb:33
  [1m[36mLineItem Create (1.2ms)[0m  [1m[32mINSERT INTO "line_items" ("product_id", "cart_id", "created_at", "updated_at") VALUES (?, ?, ?, ?)[0m  [["product_id", 4], ["cart_id", 2], ["created_at", "2018-05-06 02:47:51.214626"], ["updated_at", "2018-05-06 02:47:51.214626"]]
  ↳ app/controllers/line_items_controller.rb:33
  [1m[35m (0.8ms)[0m  [1m[36mcommit transaction[0m
  ↳ app/controllers/line_items_controller.rb:33
Redirected to http://localhost:3000/carts/2
Completed 302 Found in 75ms (ActiveRecord: 5.8ms)


Started GET "/carts/2" for 127.0.0.1 at 2018-05-05 21:47:51 -0500
Processing by CartsController#show as HTML
  Parameters: {"id"=>"2"}
  [1m[36mCart Load (0.2ms)[0m  [1m[34mSELECT  "carts".* FROM "carts" WHERE "carts"."id" = ? LIMIT ?[0m  [["id", 2], ["LIMIT", 1]]
  ↳ app/controllers/carts_controller.rb:67
  Rendering carts/show.html.erb within layouts/application
  Rendered carts/show.html.erb within layouts/application (1.8ms)
Completed 200 OK in 262ms (Views: 258.4ms | ActiveRecord: 0.2ms)


Started GET "/carts" for 127.0.0.1 at 2018-05-05 21:47:56 -0500
Processing by CartsController#index as HTML
  Rendering carts/index.html.erb within layouts/application
  [1m[36mCart Load (0.2ms)[0m  [1m[34mSELECT "carts".* FROM "carts"[0m
  ↳ app/views/carts/index.html.erb:13
  Rendered carts/index.html.erb within layouts/application (3.6ms)
Completed 200 OK in 36ms (Views: 33.0ms | ActiveRecord: 0.2ms)


Started GET "/carts/2" for 127.0.0.1 at 2018-05-05 21:56:21 -0500
Processing by CartsController#show as HTML
  Parameters: {"id"=>"2"}
  [1m[36mCart Load (1.2ms)[0m  [1m[34mSELECT  "carts".* FROM "carts" WHERE "carts"."id" = ? LIMIT ?[0m  [["id", 2], ["LIMIT", 1]]
  ↳ app/controllers/carts_controller.rb:67
  Rendering carts/show.html.erb within layouts/application
  [1m[36mLineItem Load (0.8ms)[0m  [1m[34mSELECT "line_items".* FROM "line_items" WHERE "line_items"."cart_id" = ?[0m  [["cart_id", 2]]
  ↳ app/views/carts/show.html.erb:7
  [1m[36mProduct Load (0.5ms)[0m  [1m[34mSELECT  "products".* FROM "products" WHERE "products"."id" = ? LIMIT ?[0m  [["id", 4], ["LIMIT", 1]]
  ↳ app/views/carts/show.html.erb:8
  Rendered carts/show.html.erb within layouts/application (20.8ms)
Completed 200 OK in 202ms (Views: 186.7ms | ActiveRecord: 2.5ms)


Started GET "/" for 127.0.0.1 at 2018-05-05 21:57:10 -0500
Processing by StoreController#index as HTML
  Rendering store/index.html.erb within layouts/application
  [1m[35m (0.4ms)[0m  [1m[34mSELECT COUNT(*) AS "size", MAX("products"."updated_at") AS timestamp FROM "products"[0m
  ↳ app/views/store/index.html.erb:8
  [1m[36mProduct Load (0.2ms)[0m  [1m[34mSELECT "products".* FROM "products" ORDER BY "products"."title" ASC[0m
  ↳ app/views/store/index.html.erb:8
  Rendered store/index.html.erb within layouts/application (53.0ms)
Completed 200 OK in 122ms (Views: 116.6ms | ActiveRecord: 0.5ms)


Started POST "/line_items?product_id=4" for 127.0.0.1 at 2018-05-05 21:57:15 -0500
Processing by LineItemsController#create as HTML
  Parameters: {"authenticity_token"=>"VAsw2dIACD94fsNV2lspWkVMvKL8ijBT4p77KMMNwzyv6TrKU8Bw/7TZbgtBI3Y9Ihq93kf2wvkTAX4tLiFrrw==", "product_id"=>"4"}
  [1m[35m (0.1ms)[0m  [1m[36mbegin transaction[0m
  ↳ app/models/concerns/current_cart.rb:8
  [1m[36mCart Create (2.6ms)[0m  [1m[32mINSERT INTO "carts" ("created_at", "updated_at") VALUES (?, ?)[0m  [["created_at", "2018-05-06 02:57:15.264263"], ["updated_at", "2018-05-06 02:57:15.264263"]]
  ↳ app/models/concerns/current_cart.rb:8
  [1m[35m (1.3ms)[0m  [1m[36mcommit transaction[0m
  ↳ app/models/concerns/current_cart.rb:8
  [1m[36mProduct Load (0.5ms)[0m  [1m[34mSELECT  "products".* FROM "products" WHERE "products"."id" = ? LIMIT ?[0m  [["id", 4], ["LIMIT", 1]]
  ↳ app/controllers/line_items_controller.rb:29
  [1m[35m (0.1ms)[0m  [1m[36mbegin transaction[0m
  ↳ app/controllers/line_items_controller.rb:33
  [1m[36mLineItem Create (0.8ms)[0m  [1m[32mINSERT INTO "line_items" ("product_id", "cart_id", "created_at", "updated_at") VALUES (?, ?, ?, ?)[0m  [["product_id", 4], ["cart_id", 3], ["created_at", "2018-05-06 02:57:15.273694"], ["updated_at", "2018-05-06 02:57:15.273694"]]
  ↳ app/controllers/line_items_controller.rb:33
  [1m[35m (1.2ms)[0m  [1m[36mcommit transaction[0m
  ↳ app/controllers/line_items_controller.rb:33
Redirected to http://localhost:3000/carts/3
Completed 302 Found in 18ms (ActiveRecord: 6.5ms)


Started GET "/carts/3" for 127.0.0.1 at 2018-05-05 21:57:15 -0500
Processing by CartsController#show as HTML
  Parameters: {"id"=>"3"}
  [1m[36mCart Load (0.7ms)[0m  [1m[34mSELECT  "carts".* FROM "carts" WHERE "carts"."id" = ? LIMIT ?[0m  [["id", 3], ["LIMIT", 1]]
  ↳ app/controllers/carts_controller.rb:67
  Rendering carts/show.html.erb within layouts/application
  [1m[36mLineItem Load (0.2ms)[0m  [1m[34mSELECT "line_items".* FROM "line_items" WHERE "line_items"."cart_id" = ?[0m  [["cart_id", 3]]
  ↳ app/views/carts/show.html.erb:7
  [1m[36mProduct Load (0.2ms)[0m  [1m[34mSELECT  "products".* FROM "products" WHERE "products"."id" = ? LIMIT ?[0m  [["id", 4], ["LIMIT", 1]]
  ↳ app/views/carts/show.html.erb:8
  Rendered carts/show.html.erb within layouts/application (4.7ms)
Completed 200 OK in 73ms (Views: 67.8ms | ActiveRecord: 1.1ms)


Started GET "/" for 127.0.0.1 at 2018-05-05 21:57:23 -0500
Processing by StoreController#index as HTML
  Rendering store/index.html.erb within layouts/application
  [1m[35m (0.1ms)[0m  [1m[34mSELECT COUNT(*) AS "size", MAX("products"."updated_at") AS timestamp FROM "products"[0m
  ↳ app/views/store/index.html.erb:8
  [1m[36mProduct Load (0.2ms)[0m  [1m[34mSELECT "products".* FROM "products" ORDER BY "products"."title" ASC[0m
  ↳ app/views/store/index.html.erb:8
  Rendered store/index.html.erb within layouts/application (3.7ms)
Completed 200 OK in 29ms (Views: 26.7ms | ActiveRecord: 0.4ms)


Started POST "/line_items?product_id=2" for 127.0.0.1 at 2018-05-05 21:58:06 -0500
Processing by LineItemsController#create as HTML
  Parameters: {"authenticity_token"=>"YTAIVoivhysu/s5kd6FszbhNsNfsXGtqJnixZIuoknea0gJFCW//6+JZYzrs2TOq3xuxq1cgmcDX5zRhZoQ65A==", "product_id"=>"2"}
  [1m[35m (0.1ms)[0m  [1m[36mbegin transaction[0m
  ↳ app/models/concerns/current_cart.rb:8
  [1m[36mCart Create (0.4ms)[0m  [1m[32mINSERT INTO "carts" ("created_at", "updated_at") VALUES (?, ?)[0m  [["created_at", "2018-05-06 02:58:06.756055"], ["updated_at", "2018-05-06 02:58:06.756055"]]
  ↳ app/models/concerns/current_cart.rb:8
  [1m[35m (0.9ms)[0m  [1m[36mcommit transaction[0m
  ↳ app/models/concerns/current_cart.rb:8
  [1m[36mProduct Load (0.1ms)[0m  [1m[34mSELECT  "products".* FROM "products" WHERE "products"."id" = ? LIMIT ?[0m  [["id", 2], ["LIMIT", 1]]
  ↳ app/controllers/line_items_controller.rb:29
  [1m[35m (0.1ms)[0m  [1m[36mbegin transaction[0m
  ↳ app/controllers/line_items_controller.rb:33
  [1m[36mLineItem Create (0.6ms)[0m  [1m[32mINSERT INTO "line_items" ("product_id", "cart_id", "created_at", "updated_at") VALUES (?, ?, ?, ?)[0m  [["product_id", 2], ["cart_id", 4], ["created_at", "2018-05-06 02:58:06.760831"], ["updated_at", "2018-05-06 02:58:06.760831"]]
  ↳ app/controllers/line_items_controller.rb:33
  [1m[35m (2.5ms)[0m  [1m[36mcommit transaction[0m
  ↳ app/controllers/line_items_controller.rb:33
Redirected to http://localhost:3000/carts/4
Completed 302 Found in 15ms (ActiveRecord: 4.6ms)


Started GET "/carts/4" for 127.0.0.1 at 2018-05-05 21:58:06 -0500
Processing by CartsController#show as HTML
  Parameters: {"id"=>"4"}
  [1m[36mCart Load (0.2ms)[0m  [1m[34mSELECT  "carts".* FROM "carts" WHERE "carts"."id" = ? LIMIT ?[0m  [["id", 4], ["LIMIT", 1]]
  ↳ app/controllers/carts_controller.rb:67
  Rendering carts/show.html.erb within layouts/application
  [1m[36mLineItem Load (0.3ms)[0m  [1m[34mSELECT "line_items".* FROM "line_items" WHERE "line_items"."cart_id" = ?[0m  [["cart_id", 4]]
  ↳ app/views/carts/show.html.erb:7
  [1m[36mProduct Load (0.2ms)[0m  [1m[34mSELECT  "products".* FROM "products" WHERE "products"."id" = ? LIMIT ?[0m  [["id", 2], ["LIMIT", 1]]
  ↳ app/views/carts/show.html.erb:8
  Rendered carts/show.html.erb within layouts/application (4.6ms)
Completed 200 OK in 43ms (Views: 40.3ms | ActiveRecord: 0.7ms)


Started GET "/" for 127.0.0.1 at 2018-05-05 21:58:15 -0500
Processing by StoreController#index as HTML
  Rendering store/index.html.erb within layouts/application
  [1m[35m (0.3ms)[0m  [1m[34mSELECT COUNT(*) AS "size", MAX("products"."updated_at") AS timestamp FROM "products"[0m
  ↳ app/views/store/index.html.erb:8
  [1m[36mProduct Load (0.3ms)[0m  [1m[34mSELECT "products".* FROM "products" ORDER BY "products"."title" ASC[0m
  ↳ app/views/store/index.html.erb:8
  Rendered store/index.html.erb within layouts/application (7.3ms)
Completed 200 OK in 65ms (Views: 60.6ms | ActiveRecord: 0.5ms)


Started GET "/" for 127.0.0.1 at 2018-05-07 08:32:35 -0500
Processing by StoreController#index as HTML
  Rendering store/index.html.erb within layouts/application
  [1m[35m (0.4ms)[0m  [1m[34mSELECT COUNT(*) AS "size", MAX("products"."updated_at") AS timestamp FROM "products"[0m
  ↳ app/views/store/index.html.erb:8
  [1m[36mProduct Load (0.2ms)[0m  [1m[34mSELECT "products".* FROM "products" ORDER BY "products"."title" ASC[0m
  ↳ app/views/store/index.html.erb:8
  Rendered store/index.html.erb within layouts/application (13.8ms)
Completed 200 OK in 90ms (Views: 75.0ms | ActiveRecord: 0.6ms)


  [1m[35m (0.4ms)[0m  [1m[34mSELECT "schema_migrations"."version" FROM "schema_migrations" ORDER BY "schema_migrations"."version" ASC[0m
  ↳ bin/rails:9
Migrating to AddQuantityToLineItems (20180507142022)
  [1m[35m (0.1ms)[0m  [1m[36mbegin transaction[0m
  ↳ bin/rails:9
  [1m[35m (0.4ms)[0m  [1m[35mALTER TABLE "line_items" ADD "quantity" integer[0m
  ↳ db/migrate/20180507142022_add_quantity_to_line_items.rb:3
  [1m[36mActiveRecord::SchemaMigration Create (0.4ms)[0m  [1m[32mINSERT INTO "schema_migrations" ("version") VALUES (?)[0m  [["version", "20180507142022"]]
  ↳ bin/rails:9
  [1m[35m (0.6ms)[0m  [1m[36mcommit transaction[0m
  ↳ bin/rails:9
  [1m[36mActiveRecord::InternalMetadata Load (0.6ms)[0m  [1m[34mSELECT  "ar_internal_metadata".* FROM "ar_internal_metadata" WHERE "ar_internal_metadata"."key" = ? LIMIT ?[0m  [["key", "environment"], ["LIMIT", 1]]
  ↳ bin/rails:9
  [1m[35m (0.1ms)[0m  [1m[36mbegin transaction[0m
  ↳ bin/rails:9
  [1m[35m (0.0ms)[0m  [1m[36mcommit transaction[0m
  ↳ bin/rails:9
  [1m[35m (0.1ms)[0m  [1m[34mSELECT "schema_migrations"."version" FROM "schema_migrations" ORDER BY "schema_migrations"."version" ASC[0m
  ↳ bin/rails:9
Started GET "/" for 127.0.0.1 at 2018-05-07 15:20:01 -0500
  [1m[35m (0.4ms)[0m  [1m[34mSELECT "schema_migrations"."version" FROM "schema_migrations" ORDER BY "schema_migrations"."version" ASC[0m
  ↳ /Users/stefanispayde/.rvm/gems/ruby-2.5.0/gems/rack-2.0.5/lib/rack/method_override.rb:22
  
ActiveRecord::PendingMigrationError (

Migrations are pending. To resolve this issue, run:

        bin/rails db:migrate RAILS_ENV=development

):
  
activerecord (5.2.0) lib/active_record/migration.rb:579:in `check_pending!'
activerecord (5.2.0) lib/active_record/migration.rb:556:in `call'
actionpack (5.2.0) lib/action_dispatch/middleware/callbacks.rb:28:in `block in call'
activesupport (5.2.0) lib/active_support/callbacks.rb:98:in `run_callbacks'
actionpack (5.2.0) lib/action_dispatch/middleware/callbacks.rb:26:in `call'
actionpack (5.2.0) lib/action_dispatch/middleware/executor.rb:14:in `call'
actionpack (5.2.0) lib/action_dispatch/middleware/debug_exceptions.rb:61:in `call'
web-console (3.6.1) lib/web_console/middleware.rb:135:in `call_app'
web-console (3.6.1) lib/web_console/middleware.rb:30:in `block in call'
web-console (3.6.1) lib/web_console/middleware.rb:20:in `catch'
web-console (3.6.1) lib/web_console/middleware.rb:20:in `call'
actionpack (5.2.0) lib/action_dispatch/middleware/show_exceptions.rb:33:in `call'
railties (5.2.0) lib/rails/rack/logger.rb:38:in `call_app'
railties (5.2.0) lib/rails/rack/logger.rb:26:in `block in call'
activesupport (5.2.0) lib/active_support/tagged_logging.rb:71:in `block in tagged'
activesupport (5.2.0) lib/active_support/tagged_logging.rb:28:in `tagged'
activesupport (5.2.0) lib/active_support/tagged_logging.rb:71:in `tagged'
railties (5.2.0) lib/rails/rack/logger.rb:26:in `call'
sprockets-rails (3.2.1) lib/sprockets/rails/quiet_assets.rb:13:in `call'
actionpack (5.2.0) lib/action_dispatch/middleware/remote_ip.rb:81:in `call'
actionpack (5.2.0) lib/action_dispatch/middleware/request_id.rb:27:in `call'
rack (2.0.5) lib/rack/method_override.rb:22:in `call'
rack (2.0.5) lib/rack/runtime.rb:22:in `call'
actionpack (5.2.0) lib/action_dispatch/middleware/executor.rb:14:in `call'
actionpack (5.2.0) lib/action_dispatch/middleware/static.rb:127:in `call'
rack (2.0.5) lib/rack/sendfile.rb:111:in `call'
railties (5.2.0) lib/rails/engine.rb:524:in `call'
puma (3.11.4) lib/puma/configuration.rb:225:in `call'
puma (3.11.4) lib/puma/server.rb:632:in `handle_request'
puma (3.11.4) lib/puma/server.rb:446:in `process_client'
puma (3.11.4) lib/puma/server.rb:306:in `block in run'
puma (3.11.4) lib/puma/thread_pool.rb:120:in `block in spawn_thread'
Started GET "/" for 127.0.0.1 at 2018-05-07 15:20:59 -0500
  [1m[35m (0.3ms)[0m  [1m[34mSELECT "schema_migrations"."version" FROM "schema_migrations" ORDER BY "schema_migrations"."version" ASC[0m
  ↳ /Users/stefanispayde/.rvm/gems/ruby-2.5.0/gems/rack-2.0.5/lib/rack/method_override.rb:22
  
ActiveRecord::PendingMigrationError (

Migrations are pending. To resolve this issue, run:

        bin/rails db:migrate RAILS_ENV=development

):
  
activerecord (5.2.0) lib/active_record/migration.rb:579:in `check_pending!'
activerecord (5.2.0) lib/active_record/migration.rb:556:in `call'
actionpack (5.2.0) lib/action_dispatch/middleware/callbacks.rb:28:in `block in call'
activesupport (5.2.0) lib/active_support/callbacks.rb:98:in `run_callbacks'
actionpack (5.2.0) lib/action_dispatch/middleware/callbacks.rb:26:in `call'
actionpack (5.2.0) lib/action_dispatch/middleware/executor.rb:14:in `call'
actionpack (5.2.0) lib/action_dispatch/middleware/debug_exceptions.rb:61:in `call'
web-console (3.6.1) lib/web_console/middleware.rb:135:in `call_app'
web-console (3.6.1) lib/web_console/middleware.rb:30:in `block in call'
web-console (3.6.1) lib/web_console/middleware.rb:20:in `catch'
web-console (3.6.1) lib/web_console/middleware.rb:20:in `call'
actionpack (5.2.0) lib/action_dispatch/middleware/show_exceptions.rb:33:in `call'
railties (5.2.0) lib/rails/rack/logger.rb:38:in `call_app'
railties (5.2.0) lib/rails/rack/logger.rb:26:in `block in call'
activesupport (5.2.0) lib/active_support/tagged_logging.rb:71:in `block in tagged'
activesupport (5.2.0) lib/active_support/tagged_logging.rb:28:in `tagged'
activesupport (5.2.0) lib/active_support/tagged_logging.rb:71:in `tagged'
railties (5.2.0) lib/rails/rack/logger.rb:26:in `call'
sprockets-rails (3.2.1) lib/sprockets/rails/quiet_assets.rb:13:in `call'
actionpack (5.2.0) lib/action_dispatch/middleware/remote_ip.rb:81:in `call'
actionpack (5.2.0) lib/action_dispatch/middleware/request_id.rb:27:in `call'
rack (2.0.5) lib/rack/method_override.rb:22:in `call'
rack (2.0.5) lib/rack/runtime.rb:22:in `call'
actionpack (5.2.0) lib/action_dispatch/middleware/executor.rb:14:in `call'
actionpack (5.2.0) lib/action_dispatch/middleware/static.rb:127:in `call'
rack (2.0.5) lib/rack/sendfile.rb:111:in `call'
railties (5.2.0) lib/rails/engine.rb:524:in `call'
puma (3.11.4) lib/puma/configuration.rb:225:in `call'
puma (3.11.4) lib/puma/server.rb:632:in `handle_request'
puma (3.11.4) lib/puma/server.rb:446:in `process_client'
puma (3.11.4) lib/puma/server.rb:306:in `block in run'
puma (3.11.4) lib/puma/thread_pool.rb:120:in `block in spawn_thread'
  [1m[35m (0.2ms)[0m  [1m[34mSELECT "schema_migrations"."version" FROM "schema_migrations" ORDER BY "schema_migrations"."version" ASC[0m
  ↳ bin/rails:9
Migrating to CombineItemsInCart (20180507200703)
  [1m[35m (0.1ms)[0m  [1m[36mbegin transaction[0m
  ↳ bin/rails:9
  [1m[36mActiveRecord::SchemaMigration Create (0.6ms)[0m  [1m[32mINSERT INTO "schema_migrations" ("version") VALUES (?)[0m  [["version", "20180507200703"]]
  ↳ bin/rails:9
  [1m[35m (0.8ms)[0m  [1m[36mcommit transaction[0m
  ↳ bin/rails:9
  [1m[36mActiveRecord::InternalMetadata Load (0.6ms)[0m  [1m[34mSELECT  "ar_internal_metadata".* FROM "ar_internal_metadata" WHERE "ar_internal_metadata"."key" = ? LIMIT ?[0m  [["key", "environment"], ["LIMIT", 1]]
  ↳ bin/rails:9
  [1m[35m (0.1ms)[0m  [1m[36mbegin transaction[0m
  ↳ bin/rails:9
  [1m[35m (0.0ms)[0m  [1m[36mcommit transaction[0m
  ↳ bin/rails:9
  [1m[35m (0.1ms)[0m  [1m[34mSELECT "schema_migrations"."version" FROM "schema_migrations" ORDER BY "schema_migrations"."version" ASC[0m
  ↳ bin/rails:9
Started GET "/" for 127.0.0.1 at 2018-05-07 15:21:47 -0500
  [1m[35m (0.1ms)[0m  [1m[34mSELECT "schema_migrations"."version" FROM "schema_migrations" ORDER BY "schema_migrations"."version" ASC[0m
  ↳ /Users/stefanispayde/.rvm/gems/ruby-2.5.0/gems/rack-2.0.5/lib/rack/method_override.rb:22
Processing by StoreController#index as HTML
  Rendering store/index.html.erb within layouts/application
  [1m[35m (0.2ms)[0m  [1m[34mSELECT COUNT(*) AS "size", MAX("products"."updated_at") AS timestamp FROM "products"[0m
  ↳ app/views/store/index.html.erb:8
  [1m[36mProduct Load (0.2ms)[0m  [1m[34mSELECT "products".* FROM "products" ORDER BY "products"."title" ASC[0m
  ↳ app/views/store/index.html.erb:8
  Rendered store/index.html.erb within layouts/application (30.2ms)
Completed 200 OK in 104ms (Views: 91.5ms | ActiveRecord: 1.2ms)


Started POST "/line_items?product_id=3" for 127.0.0.1 at 2018-05-07 15:21:52 -0500
Processing by LineItemsController#create as HTML
  Parameters: {"authenticity_token"=>"jyA6WKj6DFerl0DegSbOthdAeZhg5W92SohIMGZdZnF0wjBLKTp0l2cw7YAaXpHRcBZ45NuZndy7F801i3HO4g==", "product_id"=>"3"}
  [1m[35m (0.1ms)[0m  [1m[36mbegin transaction[0m
  ↳ app/models/concerns/current_cart.rb:8
  [1m[36mCart Create (0.7ms)[0m  [1m[32mINSERT INTO "carts" ("created_at", "updated_at") VALUES (?, ?)[0m  [["created_at", "2018-05-07 20:21:52.842083"], ["updated_at", "2018-05-07 20:21:52.842083"]]
  ↳ app/models/concerns/current_cart.rb:8
  [1m[35m (0.8ms)[0m  [1m[36mcommit transaction[0m
  ↳ app/models/concerns/current_cart.rb:8
  [1m[36mProduct Load (0.2ms)[0m  [1m[34mSELECT  "products".* FROM "products" WHERE "products"."id" = ? LIMIT ?[0m  [["id", 3], ["LIMIT", 1]]
  ↳ app/controllers/line_items_controller.rb:29
Completed 500 Internal Server Error in 29ms (ActiveRecord: 2.7ms)


  
NoMethodError (private method `add_product' called for #<Cart:0x00007fe54a3038b0>):
  
app/controllers/line_items_controller.rb:30:in `create'
  [1m[35m (0.4ms)[0m  [1m[34mSELECT "schema_migrations"."version" FROM "schema_migrations" ORDER BY "schema_migrations"."version" ASC[0m
  ↳ /Users/stefanispayde/.rvm/gems/ruby-2.5.0@global/bin/rake:23
  [1m[36mActiveRecord::InternalMetadata Load (0.5ms)[0m  [1m[34mSELECT  "ar_internal_metadata".* FROM "ar_internal_metadata" WHERE "ar_internal_metadata"."key" = ? LIMIT ?[0m  [["key", "environment"], ["LIMIT", 1]]
  ↳ /Users/stefanispayde/.rvm/gems/ruby-2.5.0@global/bin/rake:23
  [1m[35m (0.1ms)[0m  [1m[36mbegin transaction[0m
  ↳ /Users/stefanispayde/.rvm/gems/ruby-2.5.0@global/bin/rake:23
  [1m[35m (0.0ms)[0m  [1m[36mcommit transaction[0m
  ↳ /Users/stefanispayde/.rvm/gems/ruby-2.5.0@global/bin/rake:23
  [1m[35m (0.1ms)[0m  [1m[34mSELECT "schema_migrations"."version" FROM "schema_migrations" ORDER BY "schema_migrations"."version" ASC[0m
  ↳ /Users/stefanispayde/.rvm/gems/ruby-2.5.0@global/bin/rake:23
  [1m[35m (0.4ms)[0m  [1m[34mSELECT "schema_migrations"."version" FROM "schema_migrations" ORDER BY "schema_migrations"."version" ASC[0m
  ↳ bin/rails:9
  [1m[35m (0.1ms)[0m  [1m[34mSELECT "schema_migrations"."version" FROM "schema_migrations" ORDER BY "schema_migrations"."version" ASC[0m
  ↳ bin/rails:9
  [1m[35m (0.1ms)[0m  [1m[34mSELECT "schema_migrations"."version" FROM "schema_migrations" ORDER BY "schema_migrations"."version" ASC[0m
  ↳ bin/rails:9
  [1m[35m (0.1ms)[0m  [1m[34mSELECT "schema_migrations"."version" FROM "schema_migrations" ORDER BY "schema_migrations"."version" ASC[0m
  ↳ bin/rails:9
  [1m[35m (0.1ms)[0m  [1m[34mSELECT "schema_migrations"."version" FROM "schema_migrations" ORDER BY "schema_migrations"."version" ASC[0m
  ↳ bin/rails:9
Migrating to CombineItemsInCart (20180507200703)
  [1m[35m (0.1ms)[0m  [1m[36mbegin transaction[0m
  ↳ bin/rails:9
  [1m[36mActiveRecord::SchemaMigration Destroy (0.7ms)[0m  [1m[31mDELETE FROM "schema_migrations" WHERE "schema_migrations"."version" = ?[0m  [["version", "20180507200703"]]
  ↳ bin/rails:9
  [1m[35m (0.5ms)[0m  [1m[36mcommit transaction[0m
  ↳ bin/rails:9
  [1m[35m (0.1ms)[0m  [1m[34mSELECT "schema_migrations"."version" FROM "schema_migrations" ORDER BY "schema_migrations"."version" ASC[0m
  ↳ bin/rails:9
  [1m[35m (0.4ms)[0m  [1m[34mSELECT "schema_migrations"."version" FROM "schema_migrations" ORDER BY "schema_migrations"."version" ASC[0m
  ↳ bin/rails:9
  [1m[35m (0.1ms)[0m  [1m[34mSELECT "schema_migrations"."version" FROM "schema_migrations" ORDER BY "schema_migrations"."version" ASC[0m
  ↳ bin/rails:9
  [1m[35m (0.1ms)[0m  [1m[34mSELECT "schema_migrations"."version" FROM "schema_migrations" ORDER BY "schema_migrations"."version" ASC[0m
  ↳ bin/rails:9
  [1m[35m (0.1ms)[0m  [1m[34mSELECT "schema_migrations"."version" FROM "schema_migrations" ORDER BY "schema_migrations"."version" ASC[0m
  ↳ bin/rails:9
Migrating to AddQuantityToLineItems (20180507142022)
  [1m[35m (0.1ms)[0m  [1m[36mbegin transaction[0m
  ↳ bin/rails:9
  [1m[35m (0.3ms)[0m  [1m[34mSELECT sqlite_version(*)[0m
  ↳ bin/rails:9
  [1m[35m (0.4ms)[0m  [1m[35mCREATE TEMPORARY TABLE "aline_items" ("id" integer NOT NULL PRIMARY KEY, "product_id" integer DEFAULT NULL, "cart_id" integer DEFAULT NULL, "created_at" datetime NOT NULL, "updated_at" datetime NOT NULL, "quantity" integer DEFAULT NULL)[0m
  ↳ bin/rails:9
  [1m[35m (0.1ms)[0m  [1m[35mCREATE  INDEX "tindex_aline_items_on_cart_id" ON "aline_items" ("cart_id")[0m
  ↳ bin/rails:9
  [1m[35m (0.1ms)[0m  [1m[35mCREATE  INDEX "tindex_aline_items_on_product_id" ON "aline_items" ("product_id")[0m
  ↳ bin/rails:9
  [1m[35m (0.5ms)[0m  [1m[32mINSERT INTO "aline_items" ("id","product_id","cart_id","created_at","updated_at","quantity")
                     SELECT "id","product_id","cart_id","created_at","updated_at","quantity" FROM "line_items"[0m
  ↳ bin/rails:9
  [1m[35m (0.9ms)[0m  [1m[35mDROP TABLE "line_items"[0m
  ↳ bin/rails:9
  [1m[35m (0.7ms)[0m  [1m[35mCREATE TABLE "line_items" ("id" integer NOT NULL PRIMARY KEY, "product_id" integer DEFAULT NULL, "cart_id" integer DEFAULT NULL, "created_at" datetime NOT NULL, "updated_at" datetime NOT NULL)[0m
  ↳ bin/rails:9
  [1m[35m (0.2ms)[0m  [1m[35mCREATE  INDEX "index_line_items_on_product_id" ON "line_items" ("product_id")[0m
  ↳ bin/rails:9
  [1m[35m (0.1ms)[0m  [1m[35mCREATE  INDEX "index_line_items_on_cart_id" ON "line_items" ("cart_id")[0m
  ↳ bin/rails:9
  [1m[35m (0.3ms)[0m  [1m[32mINSERT INTO "line_items" ("id","product_id","cart_id","created_at","updated_at")
                     SELECT "id","product_id","cart_id","created_at","updated_at" FROM "aline_items"[0m
  ↳ bin/rails:9
  [1m[35m (0.1ms)[0m  [1m[35mDROP TABLE "aline_items"[0m
  ↳ bin/rails:9
  [1m[36mActiveRecord::SchemaMigration Destroy (0.4ms)[0m  [1m[31mDELETE FROM "schema_migrations" WHERE "schema_migrations"."version" = ?[0m  [["version", "20180507142022"]]
  ↳ bin/rails:9
  [1m[35m (1.0ms)[0m  [1m[36mcommit transaction[0m
  ↳ bin/rails:9
  [1m[35m (0.1ms)[0m  [1m[34mSELECT "schema_migrations"."version" FROM "schema_migrations" ORDER BY "schema_migrations"."version" ASC[0m
  ↳ bin/rails:9
  [1m[35m (0.4ms)[0m  [1m[34mSELECT "schema_migrations"."version" FROM "schema_migrations" ORDER BY "schema_migrations"."version" ASC[0m
  ↳ /Users/stefanispayde/.rvm/gems/ruby-2.5.0@global/bin/rake:23
  [1m[35m (0.1ms)[0m  [1m[34mSELECT "schema_migrations"."version" FROM "schema_migrations" ORDER BY "schema_migrations"."version" ASC[0m
  ↳ /Users/stefanispayde/.rvm/gems/ruby-2.5.0@global/bin/rake:23
  [1m[35m (0.2ms)[0m  [1m[34mSELECT "schema_migrations"."version" FROM "schema_migrations" ORDER BY "schema_migrations"."version" ASC[0m
  ↳ /Users/stefanispayde/.rvm/gems/ruby-2.5.0@global/bin/rake:23
  [1m[35m (0.1ms)[0m  [1m[34mSELECT "schema_migrations"."version" FROM "schema_migrations" ORDER BY "schema_migrations"."version" ASC[0m
  ↳ /Users/stefanispayde/.rvm/gems/ruby-2.5.0@global/bin/rake:23
  [1m[35m (0.4ms)[0m  [1m[34mSELECT "schema_migrations"."version" FROM "schema_migrations" ORDER BY "schema_migrations"."version" ASC[0m
  ↳ bin/rails:9
Migrating to CombineItemsInCart (20180507200703)
  [1m[35m (0.1ms)[0m  [1m[36mbegin transaction[0m
  ↳ bin/rails:9
  [1m[36mActiveRecord::SchemaMigration Create (0.6ms)[0m  [1m[32mINSERT INTO "schema_migrations" ("version") VALUES (?)[0m  [["version", "20180507200703"]]
  ↳ bin/rails:9
  [1m[35m (0.7ms)[0m  [1m[36mcommit transaction[0m
  ↳ bin/rails:9
Migrating to AddQuantityToLineItems (20180510112550)
  [1m[35m (0.1ms)[0m  [1m[36mbegin transaction[0m
  ↳ bin/rails:9
  [1m[35m (0.4ms)[0m  [1m[35mALTER TABLE "line_items" ADD "quantity" integer DEFAULT 1[0m
  ↳ db/migrate/20180510112550_add_quantity_to_line_items.rb:3
  [1m[36mActiveRecord::SchemaMigration Create (0.1ms)[0m  [1m[32mINSERT INTO "schema_migrations" ("version") VALUES (?)[0m  [["version", "20180510112550"]]
  ↳ bin/rails:9
  [1m[35m (0.5ms)[0m  [1m[36mcommit transaction[0m
  ↳ bin/rails:9
  [1m[36mActiveRecord::InternalMetadata Load (0.4ms)[0m  [1m[34mSELECT  "ar_internal_metadata".* FROM "ar_internal_metadata" WHERE "ar_internal_metadata"."key" = ? LIMIT ?[0m  [["key", "environment"], ["LIMIT", 1]]
  ↳ bin/rails:9
  [1m[35m (0.1ms)[0m  [1m[36mbegin transaction[0m
  ↳ bin/rails:9
  [1m[35m (0.0ms)[0m  [1m[36mcommit transaction[0m
  ↳ bin/rails:9
  [1m[35m (0.1ms)[0m  [1m[34mSELECT "schema_migrations"."version" FROM "schema_migrations" ORDER BY "schema_migrations"."version" ASC[0m
  ↳ bin/rails:9
  [1m[35m (0.2ms)[0m  [1m[34mSELECT "schema_migrations"."version" FROM "schema_migrations" ORDER BY "schema_migrations"."version" ASC[0m
  ↳ /Users/stefanispayde/.rvm/gems/ruby-2.5.0@global/bin/rake:23
Migrating to CombineItemsInCart (20180507200703)
  [1m[35m (0.1ms)[0m  [1m[36mbegin transaction[0m
  ↳ /Users/stefanispayde/.rvm/gems/ruby-2.5.0@global/bin/rake:23
  [1m[36mActiveRecord::SchemaMigration Destroy (0.4ms)[0m  [1m[31mDELETE FROM "schema_migrations" WHERE "schema_migrations"."version" = ?[0m  [["version", "20180507200703"]]
  ↳ /Users/stefanispayde/.rvm/gems/ruby-2.5.0@global/bin/rake:23
  [1m[35m (0.6ms)[0m  [1m[36mcommit transaction[0m
  ↳ /Users/stefanispayde/.rvm/gems/ruby-2.5.0@global/bin/rake:23
  [1m[35m (0.1ms)[0m  [1m[34mSELECT "schema_migrations"."version" FROM "schema_migrations" ORDER BY "schema_migrations"."version" ASC[0m
  ↳ /Users/stefanispayde/.rvm/gems/ruby-2.5.0@global/bin/rake:23
Started GET "/" for 127.0.0.1 at 2018-05-10 06:53:05 -0500
  [1m[35m (0.2ms)[0m  [1m[34mSELECT "schema_migrations"."version" FROM "schema_migrations" ORDER BY "schema_migrations"."version" ASC[0m
  ↳ /Users/stefanispayde/.rvm/gems/ruby-2.5.0/gems/rack-2.0.5/lib/rack/method_override.rb:22
Processing by StoreController#index as HTML
  Rendering store/index.html.erb within layouts/application
  [1m[35m (0.1ms)[0m  [1m[34mSELECT COUNT(*) AS "size", MAX("products"."updated_at") AS timestamp FROM "products"[0m
  ↳ app/views/store/index.html.erb:8
  [1m[36mProduct Load (0.2ms)[0m  [1m[34mSELECT "products".* FROM "products" ORDER BY "products"."title" ASC[0m
  ↳ app/views/store/index.html.erb:8
  Rendered store/index.html.erb within layouts/application (252.0ms)
Completed 200 OK in 329ms (Views: 310.7ms | ActiveRecord: 0.9ms)


Started POST "/line_items?product_id=3" for 127.0.0.1 at 2018-05-10 06:53:13 -0500
Processing by LineItemsController#create as HTML
  Parameters: {"authenticity_token"=>"oO7CZdTQgoXbbD5ddvY0v2o709Ar7xj+9L3c8tTWt/5bDMh2VRD6RRfLkwPtjmvYDW3SrJCT6lQFIln3OfofbQ==", "product_id"=>"3"}
  [1m[35m (0.1ms)[0m  [1m[36mbegin transaction[0m
  ↳ app/controllers/concerns/current_cart.rb:8
  [1m[36mCart Create (1.3ms)[0m  [1m[32mINSERT INTO "carts" ("created_at", "updated_at") VALUES (?, ?)[0m  [["created_at", "2018-05-10 11:53:13.645187"], ["updated_at", "2018-05-10 11:53:13.645187"]]
  ↳ app/controllers/concerns/current_cart.rb:8
  [1m[35m (1.5ms)[0m  [1m[36mcommit transaction[0m
  ↳ app/controllers/concerns/current_cart.rb:8
  [1m[36mProduct Load (0.4ms)[0m  [1m[34mSELECT  "products".* FROM "products" WHERE "products"."id" = ? LIMIT ?[0m  [["id", 3], ["LIMIT", 1]]
  ↳ app/controllers/line_items_controller.rb:29
Completed 500 Internal Server Error in 56ms (ActiveRecord: 3.8ms)


  
NoMethodError (private method `add_product' called for #<Cart:0x00007f8c1cd35f40>):
  
app/controllers/line_items_controller.rb:30:in `create'
Started POST "/line_items?product_id=3" for 127.0.0.1 at 2018-05-10 08:57:12 -0500
Processing by LineItemsController#create as HTML
  Parameters: {"authenticity_token"=>"oO7CZdTQgoXbbD5ddvY0v2o709Ar7xj+9L3c8tTWt/5bDMh2VRD6RRfLkwPtjmvYDW3SrJCT6lQFIln3OfofbQ==", "product_id"=>"3"}
  [1m[35m (0.2ms)[0m  [1m[36mbegin transaction[0m
  ↳ app/controllers/concerns/current_cart.rb:8
  [1m[36mCart Create (1.7ms)[0m  [1m[32mINSERT INTO "carts" ("created_at", "updated_at") VALUES (?, ?)[0m  [["created_at", "2018-05-10 13:57:12.246079"], ["updated_at", "2018-05-10 13:57:12.246079"]]
  ↳ app/controllers/concerns/current_cart.rb:8
  [1m[35m (0.6ms)[0m  [1m[36mcommit transaction[0m
  ↳ app/controllers/concerns/current_cart.rb:8
  [1m[36mProduct Load (0.8ms)[0m  [1m[34mSELECT  "products".* FROM "products" WHERE "products"."id" = ? LIMIT ?[0m  [["id", 3], ["LIMIT", 1]]
  ↳ app/controllers/line_items_controller.rb:29
  [1m[35m (0.1ms)[0m  [1m[36mbegin transaction[0m
  ↳ app/controllers/line_items_controller.rb:33
  [1m[36mLineItem Create (0.6ms)[0m  [1m[32mINSERT INTO "line_items" ("product_id", "cart_id", "created_at", "updated_at") VALUES (?, ?, ?, ?)[0m  [["product_id", 3], ["cart_id", 7], ["created_at", "2018-05-10 13:57:12.304391"], ["updated_at", "2018-05-10 13:57:12.304391"]]
  ↳ app/controllers/line_items_controller.rb:33
  [1m[35m (0.9ms)[0m  [1m[36mcommit transaction[0m
  ↳ app/controllers/line_items_controller.rb:33
Redirected to http://localhost:3000/carts/7
Completed 302 Found in 108ms (ActiveRecord: 7.3ms)


Started GET "/carts/7" for 127.0.0.1 at 2018-05-10 08:57:12 -0500
Processing by CartsController#show as HTML
  Parameters: {"id"=>"7"}
  [1m[36mCart Load (0.2ms)[0m  [1m[34mSELECT  "carts".* FROM "carts" WHERE "carts"."id" = ? LIMIT ?[0m  [["id", 7], ["LIMIT", 1]]
  ↳ app/controllers/carts_controller.rb:67
  Rendering carts/show.html.erb within layouts/application
  [1m[36mLineItem Load (0.4ms)[0m  [1m[34mSELECT "line_items".* FROM "line_items" WHERE "line_items"."cart_id" = ?[0m  [["cart_id", 7]]
  ↳ app/views/carts/show.html.erb:7
  [1m[36mProduct Load (0.3ms)[0m  [1m[34mSELECT  "products".* FROM "products" WHERE "products"."id" = ? LIMIT ?[0m  [["id", 3], ["LIMIT", 1]]
  ↳ app/views/carts/show.html.erb:8
  Rendered carts/show.html.erb within layouts/application (10.4ms)
Completed 200 OK in 68ms (Views: 62.4ms | ActiveRecord: 0.9ms)


Started GET "/carts/7" for 127.0.0.1 at 2018-05-10 08:58:19 -0500
Processing by CartsController#show as HTML
  Parameters: {"id"=>"7"}
  [1m[36mCart Load (0.1ms)[0m  [1m[34mSELECT  "carts".* FROM "carts" WHERE "carts"."id" = ? LIMIT ?[0m  [["id", 7], ["LIMIT", 1]]
  ↳ app/controllers/carts_controller.rb:67
  Rendering carts/show.html.erb within layouts/application
  [1m[36mLineItem Load (0.1ms)[0m  [1m[34mSELECT "line_items".* FROM "line_items" WHERE "line_items"."cart_id" = ?[0m  [["cart_id", 7]]
  ↳ app/views/carts/show.html.erb:7
  [1m[36mProduct Load (0.1ms)[0m  [1m[34mSELECT  "products".* FROM "products" WHERE "products"."id" = ? LIMIT ?[0m  [["id", 3], ["LIMIT", 1]]
  ↳ app/views/carts/show.html.erb:8
  Rendered carts/show.html.erb within layouts/application (2.2ms)
Completed 200 OK in 28ms (Views: 25.9ms | ActiveRecord: 0.3ms)


Started GET "/carts" for 127.0.0.1 at 2018-05-10 08:59:20 -0500
Processing by CartsController#index as HTML
  Rendering carts/index.html.erb within layouts/application
  [1m[36mCart Load (0.3ms)[0m  [1m[34mSELECT "carts".* FROM "carts"[0m
  ↳ app/views/carts/index.html.erb:13
  Rendered carts/index.html.erb within layouts/application (5.5ms)
Completed 200 OK in 47ms (Views: 45.0ms | ActiveRecord: 0.3ms)


Started GET "/carts/1" for 127.0.0.1 at 2018-05-10 08:59:30 -0500
Processing by CartsController#show as HTML
  Parameters: {"id"=>"1"}
  [1m[36mCart Load (0.1ms)[0m  [1m[34mSELECT  "carts".* FROM "carts" WHERE "carts"."id" = ? LIMIT ?[0m  [["id", 1], ["LIMIT", 1]]
  ↳ app/controllers/carts_controller.rb:67
  Rendering carts/show.html.erb within layouts/application
  [1m[36mLineItem Load (0.2ms)[0m  [1m[34mSELECT "line_items".* FROM "line_items" WHERE "line_items"."cart_id" = ?[0m  [["cart_id", 1]]
  ↳ app/views/carts/show.html.erb:7
  Rendered carts/show.html.erb within layouts/application (3.1ms)
Completed 200 OK in 49ms (Views: 45.8ms | ActiveRecord: 0.3ms)


Started GET "/carts" for 127.0.0.1 at 2018-05-10 08:59:32 -0500
Processing by CartsController#index as HTML
  Rendering carts/index.html.erb within layouts/application
  [1m[36mCart Load (0.2ms)[0m  [1m[34mSELECT "carts".* FROM "carts"[0m
  ↳ app/views/carts/index.html.erb:13
  Rendered carts/index.html.erb within layouts/application (5.0ms)
Completed 200 OK in 43ms (Views: 40.2ms | ActiveRecord: 0.2ms)


Started GET "/carts/new" for 127.0.0.1 at 2018-05-10 08:59:35 -0500
Processing by CartsController#new as HTML
  Rendering carts/new.html.erb within layouts/application
  Rendered carts/_form.html.erb (3.3ms)
  Rendered carts/new.html.erb within layouts/application (6.1ms)
Completed 200 OK in 37ms (Views: 34.8ms | ActiveRecord: 0.0ms)


Started GET "/carts" for 127.0.0.1 at 2018-05-10 08:59:38 -0500
Processing by CartsController#index as HTML
  Rendering carts/index.html.erb within layouts/application
  [1m[36mCart Load (0.1ms)[0m  [1m[34mSELECT "carts".* FROM "carts"[0m
  ↳ app/views/carts/index.html.erb:13
  Rendered carts/index.html.erb within layouts/application (6.3ms)
Completed 200 OK in 44ms (Views: 41.2ms | ActiveRecord: 0.1ms)


Started GET "/carts" for 127.0.0.1 at 2018-05-10 09:02:55 -0500
Processing by CartsController#index as HTML
  Rendering carts/index.html.erb within layouts/application
  [1m[36mCart Load (0.2ms)[0m  [1m[34mSELECT "carts".* FROM "carts"[0m
  ↳ app/views/carts/index.html.erb:13
  Rendered carts/index.html.erb within layouts/application (3.4ms)
Completed 200 OK in 40ms (Views: 37.7ms | ActiveRecord: 0.2ms)


Started GET "/" for 127.0.0.1 at 2018-05-10 09:03:07 -0500
Processing by StoreController#index as HTML
  Rendering store/index.html.erb within layouts/application
  [1m[35m (0.3ms)[0m  [1m[34mSELECT COUNT(*) AS "size", MAX("products"."updated_at") AS timestamp FROM "products"[0m
  ↳ app/views/store/index.html.erb:8
  [1m[36mProduct Load (0.1ms)[0m  [1m[34mSELECT "products".* FROM "products" ORDER BY "products"."title" ASC[0m
  ↳ app/views/store/index.html.erb:8
  Rendered store/index.html.erb within layouts/application (4.4ms)
Completed 200 OK in 27ms (Views: 25.1ms | ActiveRecord: 0.4ms)


Started POST "/line_items?product_id=3" for 127.0.0.1 at 2018-05-10 09:03:10 -0500
Processing by LineItemsController#create as HTML
  Parameters: {"authenticity_token"=>"jU9Wm3NVtgdzbvxcP9V7PgFxYxMdBlyUemcoOuD7uUN2rVyI8pXOx7/JUQKkrSRZZidib6Z6rj6L+K0/DdcR0A==", "product_id"=>"3"}
  [1m[35m (0.1ms)[0m  [1m[36mbegin transaction[0m
  ↳ app/controllers/concerns/current_cart.rb:8
  [1m[36mCart Create (0.4ms)[0m  [1m[32mINSERT INTO "carts" ("created_at", "updated_at") VALUES (?, ?)[0m  [["created_at", "2018-05-10 14:03:10.429318"], ["updated_at", "2018-05-10 14:03:10.429318"]]
  ↳ app/controllers/concerns/current_cart.rb:8
  [1m[35m (1.6ms)[0m  [1m[36mcommit transaction[0m
  ↳ app/controllers/concerns/current_cart.rb:8
  [1m[36mProduct Load (0.2ms)[0m  [1m[34mSELECT  "products".* FROM "products" WHERE "products"."id" = ? LIMIT ?[0m  [["id", 3], ["LIMIT", 1]]
  ↳ app/controllers/line_items_controller.rb:29
  [1m[35m (0.1ms)[0m  [1m[36mbegin transaction[0m
  ↳ app/controllers/line_items_controller.rb:33
  [1m[36mLineItem Create (0.5ms)[0m  [1m[32mINSERT INTO "line_items" ("product_id", "cart_id", "created_at", "updated_at") VALUES (?, ?, ?, ?)[0m  [["product_id", 3], ["cart_id", 8], ["created_at", "2018-05-10 14:03:10.436064"], ["updated_at", "2018-05-10 14:03:10.436064"]]
  ↳ app/controllers/line_items_controller.rb:33
  [1m[35m (0.9ms)[0m  [1m[36mcommit transaction[0m
  ↳ app/controllers/line_items_controller.rb:33
Redirected to http://localhost:3000/carts/8
Completed 302 Found in 17ms (ActiveRecord: 3.7ms)


Started GET "/carts/8" for 127.0.0.1 at 2018-05-10 09:03:10 -0500
Processing by CartsController#show as HTML
  Parameters: {"id"=>"8"}
  [1m[36mCart Load (0.1ms)[0m  [1m[34mSELECT  "carts".* FROM "carts" WHERE "carts"."id" = ? LIMIT ?[0m  [["id", 8], ["LIMIT", 1]]
  ↳ app/controllers/carts_controller.rb:67
  Rendering carts/show.html.erb within layouts/application
  [1m[36mLineItem Load (0.2ms)[0m  [1m[34mSELECT "line_items".* FROM "line_items" WHERE "line_items"."cart_id" = ?[0m  [["cart_id", 8]]
  ↳ app/views/carts/show.html.erb:7
  [1m[36mProduct Load (0.2ms)[0m  [1m[34mSELECT  "products".* FROM "products" WHERE "products"."id" = ? LIMIT ?[0m  [["id", 3], ["LIMIT", 1]]
  ↳ app/views/carts/show.html.erb:8
  Rendered carts/show.html.erb within layouts/application (3.3ms)
Completed 200 OK in 65ms (Views: 62.0ms | ActiveRecord: 0.5ms)


Started GET "/carts" for 127.0.0.1 at 2018-05-10 09:03:18 -0500
Processing by CartsController#index as HTML
  Rendering carts/index.html.erb within layouts/application
  [1m[36mCart Load (0.1ms)[0m  [1m[34mSELECT "carts".* FROM "carts"[0m
  ↳ app/views/carts/index.html.erb:13
  Rendered carts/index.html.erb within layouts/application (5.9ms)
Completed 200 OK in 38ms (Views: 36.0ms | ActiveRecord: 0.1ms)


Started GET "/carts/8/edit" for 127.0.0.1 at 2018-05-10 09:03:31 -0500
Processing by CartsController#edit as HTML
  Parameters: {"id"=>"8"}
  [1m[36mCart Load (0.2ms)[0m  [1m[34mSELECT  "carts".* FROM "carts" WHERE "carts"."id" = ? LIMIT ?[0m  [["id", 8], ["LIMIT", 1]]
  ↳ app/controllers/carts_controller.rb:67
  Rendering carts/edit.html.erb within layouts/application
  Rendered carts/_form.html.erb (2.0ms)
  Rendered carts/edit.html.erb within layouts/application (7.3ms)
Completed 200 OK in 47ms (Views: 42.8ms | ActiveRecord: 0.2ms)


Started GET "/carts/8" for 127.0.0.1 at 2018-05-10 09:03:37 -0500
Processing by CartsController#show as HTML
  Parameters: {"id"=>"8"}
  [1m[36mCart Load (0.2ms)[0m  [1m[34mSELECT  "carts".* FROM "carts" WHERE "carts"."id" = ? LIMIT ?[0m  [["id", 8], ["LIMIT", 1]]
  ↳ app/controllers/carts_controller.rb:67
  Rendering carts/show.html.erb within layouts/application
  [1m[36mLineItem Load (0.2ms)[0m  [1m[34mSELECT "line_items".* FROM "line_items" WHERE "line_items"."cart_id" = ?[0m  [["cart_id", 8]]
  ↳ app/views/carts/show.html.erb:7
  [1m[36mProduct Load (0.2ms)[0m  [1m[34mSELECT  "products".* FROM "products" WHERE "products"."id" = ? LIMIT ?[0m  [["id", 3], ["LIMIT", 1]]
  ↳ app/views/carts/show.html.erb:8
  Rendered carts/show.html.erb within layouts/application (5.3ms)
Completed 200 OK in 54ms (Views: 49.7ms | ActiveRecord: 0.6ms)


Started GET "/carts" for 127.0.0.1 at 2018-05-10 09:16:06 -0500
Processing by CartsController#index as HTML
  Rendering carts/index.html.erb within layouts/application
  [1m[36mCart Load (0.6ms)[0m  [1m[34mSELECT "carts".* FROM "carts"[0m
  ↳ app/views/carts/index.html.erb:13
  Rendered carts/index.html.erb within layouts/application (16.6ms)
Completed 200 OK in 155ms (Views: 146.5ms | ActiveRecord: 0.6ms)


Started GET "/" for 127.0.0.1 at 2018-05-10 09:26:36 -0500
Processing by StoreController#index as HTML
  Rendering store/index.html.erb within layouts/application
  [1m[35m (0.4ms)[0m  [1m[34mSELECT COUNT(*) AS "size", MAX("products"."updated_at") AS timestamp FROM "products"[0m
  ↳ app/views/store/index.html.erb:8
  [1m[36mProduct Load (0.2ms)[0m  [1m[34mSELECT "products".* FROM "products" ORDER BY "products"."title" ASC[0m
  ↳ app/views/store/index.html.erb:8
  Rendered store/index.html.erb within layouts/application (12.2ms)
Completed 200 OK in 111ms (Views: 103.7ms | ActiveRecord: 0.6ms)


Started POST "/line_items?product_id=5" for 127.0.0.1 at 2018-05-10 09:26:40 -0500
Processing by LineItemsController#create as HTML
  Parameters: {"authenticity_token"=>"D7wuQObhQHOg4j6su0SzaKq3QcrqHR81dhI7EUByaFS3yDrEy2c5fWf374fzR75Sjf3In//UZp1KOQ4fSJhqOQ==", "product_id"=>"5"}
  [1m[35m (0.8ms)[0m  [1m[36mbegin transaction[0m
  ↳ app/controllers/concerns/current_cart.rb:8
  [1m[36mCart Create (0.4ms)[0m  [1m[32mINSERT INTO "carts" ("created_at", "updated_at") VALUES (?, ?)[0m  [["created_at", "2018-05-10 14:26:40.689445"], ["updated_at", "2018-05-10 14:26:40.689445"]]
  ↳ app/controllers/concerns/current_cart.rb:8
  [1m[35m (1.5ms)[0m  [1m[36mcommit transaction[0m
  ↳ app/controllers/concerns/current_cart.rb:8
  [1m[36mProduct Load (0.2ms)[0m  [1m[34mSELECT  "products".* FROM "products" WHERE "products"."id" = ? LIMIT ?[0m  [["id", 5], ["LIMIT", 1]]
  ↳ app/controllers/line_items_controller.rb:29
  [1m[35m (0.3ms)[0m  [1m[36mbegin transaction[0m
  ↳ app/controllers/line_items_controller.rb:33
  [1m[36mLineItem Create (1.1ms)[0m  [1m[32mINSERT INTO "line_items" ("product_id", "cart_id", "created_at", "updated_at") VALUES (?, ?, ?, ?)[0m  [["product_id", 5], ["cart_id", 9], ["created_at", "2018-05-10 14:26:40.706233"], ["updated_at", "2018-05-10 14:26:40.706233"]]
  ↳ app/controllers/line_items_controller.rb:33
  [1m[35m (2.2ms)[0m  [1m[36mcommit transaction[0m
  ↳ app/controllers/line_items_controller.rb:33
Redirected to http://localhost:3000/carts/9
Completed 302 Found in 31ms (ActiveRecord: 6.4ms)


Started GET "/carts/9" for 127.0.0.1 at 2018-05-10 09:26:40 -0500
Processing by CartsController#show as HTML
  Parameters: {"id"=>"9"}
  [1m[36mCart Load (0.2ms)[0m  [1m[34mSELECT  "carts".* FROM "carts" WHERE "carts"."id" = ? LIMIT ?[0m  [["id", 9], ["LIMIT", 1]]
  ↳ app/controllers/carts_controller.rb:67
  Rendering carts/show.html.erb within layouts/application
  [1m[36mLineItem Load (0.3ms)[0m  [1m[34mSELECT "line_items".* FROM "line_items" WHERE "line_items"."cart_id" = ?[0m  [["cart_id", 9]]
  ↳ app/views/carts/show.html.erb:7
  [1m[36mProduct Load (0.2ms)[0m  [1m[34mSELECT  "products".* FROM "products" WHERE "products"."id" = ? LIMIT ?[0m  [["id", 5], ["LIMIT", 1]]
  ↳ app/views/carts/show.html.erb:8
  Rendered carts/show.html.erb within layouts/application (6.9ms)
Completed 200 OK in 95ms (Views: 89.8ms | ActiveRecord: 0.7ms)


Started GET "/carts" for 127.0.0.1 at 2018-05-10 09:26:45 -0500
Processing by CartsController#index as HTML
  Rendering carts/index.html.erb within layouts/application
  [1m[36mCart Load (0.2ms)[0m  [1m[34mSELECT "carts".* FROM "carts"[0m
  ↳ app/views/carts/index.html.erb:13
  Rendered carts/index.html.erb within layouts/application (5.0ms)
Completed 200 OK in 38ms (Views: 34.9ms | ActiveRecord: 0.2ms)


Started GET "/carts" for 127.0.0.1 at 2018-05-10 12:51:01 -0500
Processing by CartsController#index as HTML
  Rendering carts/index.html.erb within layouts/application
  [1m[36mCart Load (0.3ms)[0m  [1m[34mSELECT "carts".* FROM "carts"[0m
  ↳ app/views/carts/index.html.erb:13
  Rendered carts/index.html.erb within layouts/application (13.3ms)
Completed 200 OK in 76ms (Views: 59.3ms | ActiveRecord: 1.1ms)


Started GET "/carts/9" for 127.0.0.1 at 2018-05-10 12:51:07 -0500
Processing by CartsController#show as HTML
  Parameters: {"id"=>"9"}
  [1m[36mCart Load (0.2ms)[0m  [1m[34mSELECT  "carts".* FROM "carts" WHERE "carts"."id" = ? LIMIT ?[0m  [["id", 9], ["LIMIT", 1]]
  ↳ app/controllers/carts_controller.rb:67
  Rendering carts/show.html.erb within layouts/application
  [1m[36mLineItem Load (0.2ms)[0m  [1m[34mSELECT "line_items".* FROM "line_items" WHERE "line_items"."cart_id" = ?[0m  [["cart_id", 9]]
  ↳ app/views/carts/show.html.erb:7
  [1m[36mProduct Load (0.3ms)[0m  [1m[34mSELECT  "products".* FROM "products" WHERE "products"."id" = ? LIMIT ?[0m  [["id", 5], ["LIMIT", 1]]
  ↳ app/views/carts/show.html.erb:8
  Rendered carts/show.html.erb within layouts/application (35.3ms)
Completed 200 OK in 66ms (Views: 60.0ms | ActiveRecord: 2.4ms)


Started GET "/carts" for 127.0.0.1 at 2018-05-10 12:51:10 -0500
Processing by CartsController#index as HTML
  Rendering carts/index.html.erb within layouts/application
  [1m[36mCart Load (0.6ms)[0m  [1m[34mSELECT "carts".* FROM "carts"[0m
  ↳ app/views/carts/index.html.erb:13
  Rendered carts/index.html.erb within layouts/application (5.6ms)
Completed 200 OK in 50ms (Views: 46.0ms | ActiveRecord: 0.6ms)


Started GET "/carts" for 127.0.0.1 at 2018-05-10 12:59:03 -0500
Processing by CartsController#index as HTML
  Rendering carts/index.html.erb within layouts/application
  [1m[36mCart Load (0.2ms)[0m  [1m[34mSELECT "carts".* FROM "carts"[0m
  ↳ app/views/carts/index.html.erb:13
  Rendered carts/index.html.erb within layouts/application (3.0ms)
Completed 200 OK in 41ms (Views: 38.6ms | ActiveRecord: 0.2ms)


Started GET "/carts/5" for 127.0.0.1 at 2018-05-10 12:59:11 -0500
Processing by CartsController#show as HTML
  Parameters: {"id"=>"5"}
  [1m[36mCart Load (0.2ms)[0m  [1m[34mSELECT  "carts".* FROM "carts" WHERE "carts"."id" = ? LIMIT ?[0m  [["id", 5], ["LIMIT", 1]]
  ↳ app/controllers/carts_controller.rb:67
  Rendering carts/show.html.erb within layouts/application
  [1m[36mLineItem Load (0.2ms)[0m  [1m[34mSELECT "line_items".* FROM "line_items" WHERE "line_items"."cart_id" = ?[0m  [["cart_id", 5]]
  ↳ app/views/carts/show.html.erb:7
  Rendered carts/show.html.erb within layouts/application (2.3ms)
Completed 200 OK in 40ms (Views: 37.2ms | ActiveRecord: 0.3ms)


Started GET "/carts/5/edit" for 127.0.0.1 at 2018-05-10 12:59:15 -0500
Processing by CartsController#edit as HTML
  Parameters: {"id"=>"5"}
  [1m[36mCart Load (0.1ms)[0m  [1m[34mSELECT  "carts".* FROM "carts" WHERE "carts"."id" = ? LIMIT ?[0m  [["id", 5], ["LIMIT", 1]]
  ↳ app/controllers/carts_controller.rb:67
  Rendering carts/edit.html.erb within layouts/application
  Rendered carts/_form.html.erb (2.4ms)
  Rendered carts/edit.html.erb within layouts/application (7.2ms)
Completed 200 OK in 42ms (Views: 38.0ms | ActiveRecord: 0.1ms)


Started GET "/carts/5" for 127.0.0.1 at 2018-05-10 12:59:18 -0500
Processing by CartsController#show as HTML
  Parameters: {"id"=>"5"}
  [1m[36mCart Load (0.9ms)[0m  [1m[34mSELECT  "carts".* FROM "carts" WHERE "carts"."id" = ? LIMIT ?[0m  [["id", 5], ["LIMIT", 1]]
  ↳ app/controllers/carts_controller.rb:67
  Rendering carts/show.html.erb within layouts/application
  [1m[36mLineItem Load (1.0ms)[0m  [1m[34mSELECT "line_items".* FROM "line_items" WHERE "line_items"."cart_id" = ?[0m  [["cart_id", 5]]
  ↳ app/views/carts/show.html.erb:7
  Rendered carts/show.html.erb within layouts/application (5.2ms)
Completed 200 OK in 46ms (Views: 41.5ms | ActiveRecord: 1.9ms)


Started GET "/carts" for 127.0.0.1 at 2018-05-10 12:59:19 -0500
Processing by CartsController#index as HTML
  Rendering carts/index.html.erb within layouts/application
  [1m[36mCart Load (0.3ms)[0m  [1m[34mSELECT "carts".* FROM "carts"[0m
  ↳ app/views/carts/index.html.erb:13
  Rendered carts/index.html.erb within layouts/application (5.9ms)
Completed 200 OK in 48ms (Views: 45.2ms | ActiveRecord: 0.3ms)


Started GET "/news" for 127.0.0.1 at 2018-05-10 12:59:25 -0500
  
ActionController::RoutingError (No route matches [GET] "/news"):
  
actionpack (5.2.0) lib/action_dispatch/middleware/debug_exceptions.rb:65:in `call'
web-console (3.6.1) lib/web_console/middleware.rb:135:in `call_app'
web-console (3.6.1) lib/web_console/middleware.rb:30:in `block in call'
web-console (3.6.1) lib/web_console/middleware.rb:20:in `catch'
web-console (3.6.1) lib/web_console/middleware.rb:20:in `call'
actionpack (5.2.0) lib/action_dispatch/middleware/show_exceptions.rb:33:in `call'
railties (5.2.0) lib/rails/rack/logger.rb:38:in `call_app'
railties (5.2.0) lib/rails/rack/logger.rb:26:in `block in call'
activesupport (5.2.0) lib/active_support/tagged_logging.rb:71:in `block in tagged'
activesupport (5.2.0) lib/active_support/tagged_logging.rb:28:in `tagged'
activesupport (5.2.0) lib/active_support/tagged_logging.rb:71:in `tagged'
railties (5.2.0) lib/rails/rack/logger.rb:26:in `call'
sprockets-rails (3.2.1) lib/sprockets/rails/quiet_assets.rb:13:in `call'
actionpack (5.2.0) lib/action_dispatch/middleware/remote_ip.rb:81:in `call'
actionpack (5.2.0) lib/action_dispatch/middleware/request_id.rb:27:in `call'
rack (2.0.5) lib/rack/method_override.rb:22:in `call'
rack (2.0.5) lib/rack/runtime.rb:22:in `call'
actionpack (5.2.0) lib/action_dispatch/middleware/executor.rb:14:in `call'
actionpack (5.2.0) lib/action_dispatch/middleware/static.rb:127:in `call'
rack (2.0.5) lib/rack/sendfile.rb:111:in `call'
railties (5.2.0) lib/rails/engine.rb:524:in `call'
puma (3.11.4) lib/puma/configuration.rb:225:in `call'
puma (3.11.4) lib/puma/server.rb:632:in `handle_request'
puma (3.11.4) lib/puma/server.rb:446:in `process_client'
puma (3.11.4) lib/puma/server.rb:306:in `block in run'
puma (3.11.4) lib/puma/thread_pool.rb:120:in `block in spawn_thread'
Started GET "/carts" for 127.0.0.1 at 2018-05-10 12:59:28 -0500
Processing by CartsController#index as HTML
  Rendering carts/index.html.erb within layouts/application
  [1m[36mCart Load (0.2ms)[0m  [1m[34mSELECT "carts".* FROM "carts"[0m
  ↳ app/views/carts/index.html.erb:13
  Rendered carts/index.html.erb within layouts/application (6.7ms)
Completed 200 OK in 61ms (Views: 58.2ms | ActiveRecord: 0.2ms)


Started GET "/" for 127.0.0.1 at 2018-05-10 12:59:30 -0500
Processing by StoreController#index as HTML
  Rendering store/index.html.erb within layouts/application
  [1m[35m (0.3ms)[0m  [1m[34mSELECT COUNT(*) AS "size", MAX("products"."updated_at") AS timestamp FROM "products"[0m
  ↳ app/views/store/index.html.erb:8
  [1m[36mProduct Load (0.3ms)[0m  [1m[34mSELECT "products".* FROM "products" ORDER BY "products"."title" ASC[0m
  ↳ app/views/store/index.html.erb:8
  Rendered store/index.html.erb within layouts/application (10.4ms)
Completed 200 OK in 72ms (Views: 66.6ms | ActiveRecord: 0.6ms)


Started POST "/line_items?product_id=3" for 127.0.0.1 at 2018-05-10 12:59:34 -0500
Processing by LineItemsController#create as HTML
  Parameters: {"authenticity_token"=>"IrbKD5m9HUeNaAA9MyZEOon5wnUOaOnV4QRytqIpUIGawt6LtDtkSUp90RZ7JUkArrNLIBuhkH3dL0e4qsNS7A==", "product_id"=>"3"}
  [1m[35m (0.1ms)[0m  [1m[36mbegin transaction[0m
  ↳ app/controllers/concerns/current_cart.rb:8
  [1m[36mCart Create (0.3ms)[0m  [1m[32mINSERT INTO "carts" ("created_at", "updated_at") VALUES (?, ?)[0m  [["created_at", "2018-05-10 17:59:34.321483"], ["updated_at", "2018-05-10 17:59:34.321483"]]
  ↳ app/controllers/concerns/current_cart.rb:8
  [1m[35m (0.8ms)[0m  [1m[36mcommit transaction[0m
  ↳ app/controllers/concerns/current_cart.rb:8
  [1m[36mProduct Load (0.3ms)[0m  [1m[34mSELECT  "products".* FROM "products" WHERE "products"."id" = ? LIMIT ?[0m  [["id", 3], ["LIMIT", 1]]
  ↳ app/controllers/line_items_controller.rb:29
Completed 500 Internal Server Error in 16ms (ActiveRecord: 1.4ms)


  
NoMethodError (private method `add_product' called for #<Cart:0x00007f8c21769620>):
  
app/controllers/line_items_controller.rb:30:in `create'
